This file contains any messages produced by compilers while
running configure, to aid debugging if configure makes a mistake.

It was created by configure, which was
generated by GNU Autoconf 2.63.  Invocation command line was

  $ ./configure 

## --------- ##
## Platform. ##
## --------- ##

hostname = widget1
uname -m = i686
uname -r = 2.6.5-7.312-bigsmp
uname -s = Linux
uname -v = #1 SMP Fri Jun 6 13:44:33 UTC 2008

/usr/bin/uname -p = i686
/bin/uname -X     = unknown

/bin/arch              = i686
/usr/bin/arch -k       = unknown
/usr/convex/getsysinfo = unknown
/usr/bin/hostinfo      = unknown
/bin/machine           = unknown
/usr/bin/oslevel       = unknown
/bin/universe          = unknown

PATH: /opt/intel/cc/10.1.021/bin
PATH: /netopt/ncbi_tools/bin
PATH: /usr/local/emacs-22.1/bin
PATH: /usr/local/crisp/9.0.4d/bin.linux_glibc2.2
PATH: /usr/local/cvs-1.11.22/bin
PATH: /am/ncbiapdata/bin
PATH: /usr/local/valgrind-3.3.0/bin
PATH: /usr/local/make-3.81/bin
PATH: /usr/local/vim-7.1/bin
PATH: /usr/local/totalview/toolworks/totalview.6.6.0-1/bin
PATH: /opt/intel/cc/10.1.021/bin
PATH: /usr/local/doxygen-1.4.6/bin
PATH: /usr/local/xemacs-21.4.20/bin
PATH: /usr/local/gcc-3.4.2/bin
PATH: /usr/local/gdb-6.2.1/bin
PATH: /usr/local/ddd-3.3.11/bin
PATH: /export/home/sybase/clients/current/bin
PATH: /export/home/sybase/utils/bin
PATH: /opt/kde3/bin
PATH: /opt/gnome/bin
PATH: /usr/games
PATH: /home/hoffman/bin
PATH: /usr/bin/X11
PATH: /opt/totalview-8.2.0/bin
PATH: /opt/python-2.5.1/bin
PATH: /opt/perl-5.8.8/bin
PATH: /opt/graphviz-2.16.1/bin
PATH: /usr/bin
PATH: /bin
PATH: /usr/sbin
PATH: /sbin
PATH: /opt/eclipse
PATH: /usr/local/bin
PATH: /export/home/sybase/clients/current/bin
PATH: /export/home/sybase/utils/bin
PATH: /home/hoffman/xbin


## ----------- ##
## Core tests. ##
## ----------- ##

configure:2441: checking for a BSD-compatible install
configure:2509: result: /usr/bin/install -c
configure:2520: checking whether build environment is sane
configure:2563: result: yes
configure:2588: checking for a thread-safe mkdir -p
configure:2627: result: /usr/bin/mkdir -p
configure:2640: checking for gawk
configure:2656: found /usr/bin/gawk
configure:2667: result: gawk
configure:2678: checking whether make sets $(MAKE)
configure:2700: result: yes
configure:2886: checking whether make sets $(MAKE)
configure:2908: result: yes
configure:2967: checking for gcc
configure:2983: found /usr/local/gcc-3.4.2/bin/gcc
configure:2994: result: gcc
configure:3226: checking for C compiler version
configure:3234: gcc --version >&5
gcc (GCC) 3.4.2
Copyright (C) 2004 Free Software Foundation, Inc.
This is free software; see the source for copying conditions.  There is NO
warranty; not even for MERCHANTABILITY or FITNESS FOR A PARTICULAR PURPOSE.

configure:3238: $? = 0
configure:3245: gcc -v >&5
Reading specs from /usr/lib/gcc-3.4.2/gcc/i686-pc-linux-gnu/3.4.2/specs
Configured with: ./configure --prefix=/usr/local/gcc-3.4.2 --libdir=/usr/lib/gcc-3.4.2 --with-include=/usr/local/gcc-3.4.2/include --enable-threads --enable-shared --enable-languages=c,c++,f77,java --with-gxx-include-dir=/usr/local/gcc-3.4.2/include/g++-v3
Thread model: posix
gcc version 3.4.2
configure:3249: $? = 0
configure:3256: gcc -V >&5
gcc: `-V' option must have argument
configure:3260: $? = 1
configure:3283: checking for C compiler default output file name
configure:3305: gcc    conftest.c  >&5
configure:3309: $? = 0
configure:3347: result: a.out
configure:3366: checking whether the C compiler works
configure:3376: ./a.out
configure:3380: $? = 0
configure:3399: result: yes
configure:3406: checking whether we are cross compiling
configure:3408: result: no
configure:3411: checking for suffix of executables
configure:3418: gcc -o conftest    conftest.c  >&5
configure:3422: $? = 0
configure:3448: result: 
configure:3454: checking for suffix of object files
configure:3480: gcc -c   conftest.c >&5
configure:3484: $? = 0
configure:3509: result: o
configure:3513: checking whether we are using the GNU C compiler
configure:3542: gcc -c   conftest.c >&5
configure:3549: $? = 0
configure:3566: result: yes
configure:3575: checking whether gcc accepts -g
configure:3605: gcc -c -g  conftest.c >&5
configure:3612: $? = 0
configure:3713: result: yes
configure:3730: checking for gcc option to accept ISO C89
configure:3804: gcc  -c -g -O2  conftest.c >&5
configure:3811: $? = 0
configure:3834: result: none needed
configure:3863: checking for style of include used by make
configure:3891: result: GNU
configure:3916: checking dependency style of gcc
configure:4007: result: none
configure:4027: checking how to run the C preprocessor
configure:4067: gcc -E  conftest.c
configure:4074: $? = 0
configure:4105: gcc -E  conftest.c
conftest.c:10:28: ac_nonexistent.h: No such file or directory
configure:4112: $? = 1
configure: failed program was:
| /* confdefs.h.  */
| #define PACKAGE_NAME ""
| #define PACKAGE_TARNAME ""
| #define PACKAGE_VERSION ""
| #define PACKAGE_STRING ""
| #define PACKAGE_BUGREPORT ""
| #define PACKAGE "libiconv"
| #define VERSION "1.13"
| /* end confdefs.h.  */
| #include <ac_nonexistent.h>
configure:4145: result: gcc -E
configure:4174: gcc -E  conftest.c
configure:4181: $? = 0
configure:4212: gcc -E  conftest.c
conftest.c:10:28: ac_nonexistent.h: No such file or directory
configure:4219: $? = 1
configure: failed program was:
| /* confdefs.h.  */
| #define PACKAGE_NAME ""
| #define PACKAGE_TARNAME ""
| #define PACKAGE_VERSION ""
| #define PACKAGE_STRING ""
| #define PACKAGE_BUGREPORT ""
| #define PACKAGE "libiconv"
| #define VERSION "1.13"
| /* end confdefs.h.  */
| #include <ac_nonexistent.h>
configure:4272: checking for a BSD-compatible install
configure:4340: result: /usr/bin/install -c
configure:4354: checking for strip
configure:4372: found /usr/bin/strip
configure:4385: result: /usr/bin/strip
configure:4499: checking build system type
configure:4517: result: i686-pc-linux-gnu
configure:4539: checking host system type
configure:4554: result: i686-pc-linux-gnu
configure:4627: checking for ranlib
configure:4643: found /usr/bin/ranlib
configure:4654: result: ranlib
configure:4677: checking whether gcc and cc understand -c and -o together
configure:4712: gcc -c conftest.c -o conftest2.o >&5
configure:4716: $? = 0
configure:4722: gcc -c conftest.c -o conftest2.o >&5
configure:4726: $? = 0
configure:4737: cc -c conftest.c >&5
configure:4741: $? = 0
configure:4749: cc -c conftest.c -o conftest2.o >&5
configure:4753: $? = 0
configure:4759: cc -c conftest.c -o conftest2.o >&5
configure:4763: $? = 0
configure:4781: result: yes
configure:4810: checking for grep that handles long lines and -e
configure:4870: result: /usr/bin/grep
configure:4875: checking for egrep
configure:4939: result: /usr/bin/grep -E
configure:4944: checking for ANSI C header files
configure:4974: gcc -c -g -O2  conftest.c >&5
configure:4981: $? = 0
configure:5077: gcc -o conftest -g -O2   conftest.c  >&5
configure:5081: $? = 0
configure:5087: ./conftest
configure:5091: $? = 0
configure:5109: result: yes
configure:5133: checking for sys/types.h
configure:5154: gcc -c -g -O2  conftest.c >&5
configure:5161: $? = 0
configure:5178: result: yes
configure:5133: checking for sys/stat.h
configure:5154: gcc -c -g -O2  conftest.c >&5
configure:5161: $? = 0
configure:5178: result: yes
configure:5133: checking for stdlib.h
configure:5154: gcc -c -g -O2  conftest.c >&5
configure:5161: $? = 0
configure:5178: result: yes
configure:5133: checking for string.h
configure:5154: gcc -c -g -O2  conftest.c >&5
configure:5161: $? = 0
configure:5178: result: yes
configure:5133: checking for memory.h
configure:5154: gcc -c -g -O2  conftest.c >&5
configure:5161: $? = 0
configure:5178: result: yes
configure:5133: checking for strings.h
configure:5154: gcc -c -g -O2  conftest.c >&5
configure:5161: $? = 0
configure:5178: result: yes
configure:5133: checking for inttypes.h
configure:5154: gcc -c -g -O2  conftest.c >&5
configure:5161: $? = 0
configure:5178: result: yes
configure:5133: checking for stdint.h
configure:5154: gcc -c -g -O2  conftest.c >&5
configure:5161: $? = 0
configure:5178: result: yes
configure:5133: checking for unistd.h
configure:5154: gcc -c -g -O2  conftest.c >&5
configure:5161: $? = 0
configure:5178: result: yes
configure:5205: checking minix/config.h usability
configure:5222: gcc -c -g -O2  conftest.c >&5
conftest.c:53:26: minix/config.h: No such file or directory
configure:5229: $? = 1
configure: failed program was:
| /* confdefs.h.  */
| #define PACKAGE_NAME ""
| #define PACKAGE_TARNAME ""
| #define PACKAGE_VERSION ""
| #define PACKAGE_STRING ""
| #define PACKAGE_BUGREPORT ""
| #define PACKAGE "libiconv"
| #define VERSION "1.13"
| #define STDC_HEADERS 1
| #define HAVE_SYS_TYPES_H 1
| #define HAVE_SYS_STAT_H 1
| #define HAVE_STDLIB_H 1
| #define HAVE_STRING_H 1
| #define HAVE_MEMORY_H 1
| #define HAVE_STRINGS_H 1
| #define HAVE_INTTYPES_H 1
| #define HAVE_STDINT_H 1
| #define HAVE_UNISTD_H 1
| /* end confdefs.h.  */
| #include <stdio.h>
| #ifdef HAVE_SYS_TYPES_H
| # include <sys/types.h>
| #endif
| #ifdef HAVE_SYS_STAT_H
| # include <sys/stat.h>
| #endif
| #ifdef STDC_HEADERS
| # include <stdlib.h>
| # include <stddef.h>
| #else
| # ifdef HAVE_STDLIB_H
| #  include <stdlib.h>
| # endif
| #endif
| #ifdef HAVE_STRING_H
| # if !defined STDC_HEADERS && defined HAVE_MEMORY_H
| #  include <memory.h>
| # endif
| # include <string.h>
| #endif
| #ifdef HAVE_STRINGS_H
| # include <strings.h>
| #endif
| #ifdef HAVE_INTTYPES_H
| # include <inttypes.h>
| #endif
| #ifdef HAVE_STDINT_H
| # include <stdint.h>
| #endif
| #ifdef HAVE_UNISTD_H
| # include <unistd.h>
| #endif
| #include <minix/config.h>
configure:5243: result: no
configure:5247: checking minix/config.h presence
configure:5262: gcc -E  conftest.c
conftest.c:20:26: minix/config.h: No such file or directory
configure:5269: $? = 1
configure: failed program was:
| /* confdefs.h.  */
| #define PACKAGE_NAME ""
| #define PACKAGE_TARNAME ""
| #define PACKAGE_VERSION ""
| #define PACKAGE_STRING ""
| #define PACKAGE_BUGREPORT ""
| #define PACKAGE "libiconv"
| #define VERSION "1.13"
| #define STDC_HEADERS 1
| #define HAVE_SYS_TYPES_H 1
| #define HAVE_SYS_STAT_H 1
| #define HAVE_STDLIB_H 1
| #define HAVE_STRING_H 1
| #define HAVE_MEMORY_H 1
| #define HAVE_STRINGS_H 1
| #define HAVE_INTTYPES_H 1
| #define HAVE_STDINT_H 1
| #define HAVE_UNISTD_H 1
| /* end confdefs.h.  */
| #include <minix/config.h>
configure:5283: result: no
configure:5311: checking for minix/config.h
configure:5318: result: no
configure:5359: checking whether it is safe to define __EXTENSIONS__
configure:5387: gcc -c -g -O2  conftest.c >&5
configure:5394: $? = 0
configure:5409: result: yes
configure:5471: checking for ld used by GCC
configure:5535: result: /usr/bin/ld
configure:5544: checking if the linker (/usr/bin/ld) is GNU ld
configure:5557: result: yes
configure:5563: checking for shared library path variable
configure:5576: result: LD_LIBRARY_PATH
configure:5581: checking whether to activate relocatable installation
configure:5596: result: no
configure:5946: checking how to copy files
configure:5962: result: cp -p
configure:5966: checking how to make hard links
configure:5982: result: ln
configure:5986: checking whether ln -s works
configure:5990: result: yes
configure:6028: checking for a sed that does not truncate output
configure:6094: result: /usr/bin/sed
configure:6112: checking for fgrep
configure:6176: result: /usr/bin/grep -F
configure:6211: checking for ld used by gcc
configure:6278: result: /usr/bin/ld
configure:6287: checking if the linker (/usr/bin/ld) is GNU ld
configure:6302: result: yes
configure:6314: checking for BSD- or MS-compatible name lister (nm)
configure:6363: result: /usr/bin/nm -B
configure:6481: checking the name lister (/usr/bin/nm -B) interface
configure:6491: gcc -c -g -O2  conftest.c >&5
configure:6494: /usr/bin/nm -B "conftest.o"
configure:6497: output
00000000 B some_variable
configure:6501: result: BSD nm
configure:6505: checking the maximum length of command line arguments
configure:6625: result: 98304
configure:6642: checking whether the shell understands some XSI constructs
configure:6652: result: yes
configure:6656: checking whether the shell understands "+="
configure:6662: result: no
configure:6697: checking for /usr/bin/ld option to reload object files
configure:6704: result: -r
configure:6773: checking for objdump
configure:6789: found /usr/bin/objdump
configure:6800: result: objdump
configure:6829: checking how to recognize dependent libraries
configure:7025: result: pass_all
configure:7085: checking for ar
configure:7101: found /usr/bin/ar
configure:7112: result: ar
configure:7190: checking for strip
configure:7217: result: /usr/bin/strip
configure:7289: checking for ranlib
configure:7316: result: ranlib
configure:7406: checking command to parse /usr/bin/nm -B output from gcc object
configure:7524: gcc -c -g -O2  conftest.c >&5
configure:7527: $? = 0
configure:7531: /usr/bin/nm -B conftest.o \| sed -n -e 's/^.*[	 ]\([ABCDGIRSTW][ABCDGIRSTW]*\)[	 ][	 ]*\([_A-Za-z][_A-Za-z0-9]*\)$/\1 \2 \2/p' \> conftest.nm
configure:7534: $? = 0
configure:7588: gcc -o conftest -g -O2   conftest.c conftstm.o >&5
configure:7591: $? = 0
configure:7629: result: ok
configure:8494: checking for dlfcn.h
configure:8515: gcc -c -g -O2  conftest.c >&5
configure:8522: $? = 0
configure:8539: result: yes
configure:9022: checking for objdir
configure:9037: result: .libs
configure:9333: checking if gcc supports -fno-rtti -fno-exceptions
configure:9354: gcc -c -g -O2  -fno-rtti -fno-exceptions conftest.c >&5
cc1: warning: command line option "-fno-rtti" is valid for C++/ObjC++ but not for C
configure:9358: $? = 0
configure:9368: result: no
configure:9388: checking for gcc option to produce PIC
configure:9660: result: -fPIC -DPIC
configure:9672: checking if gcc PIC flag -fPIC -DPIC works
configure:9693: gcc -c -g -O2  -fPIC -DPIC -DPIC conftest.c >&5
configure:9697: $? = 0
configure:9707: result: yes
configure:9731: checking if gcc static flag -static works
configure:9759: result: yes
configure:9774: checking if gcc supports -c -o file.o
configure:9798: gcc -c -g -O2  -o out/conftest2.o conftest.c >&5
configure:9802: $? = 0
configure:9821: result: yes
configure:9829: checking if gcc supports -c -o file.o
configure:9876: result: yes
configure:9909: checking whether the gcc linker (/usr/bin/ld) supports shared libraries
configure:10983: result: yes
configure:11020: checking whether -lc should be explicitly linked in
configure:11025: gcc -c -g -O2  conftest.c >&5
configure:11028: $? = 0
configure:11043: gcc -shared conftest.o  -v -Wl,-soname -Wl,conftest -o conftest 2\>\&1 \| /usr/bin/grep  -lc  \>/dev/null 2\>\&1
configure:11046: $? = 0
configure:11058: result: no
configure:11222: checking dynamic linker characteristics
configure:11665: gcc -o conftest -g -O2   -Wl,-rpath -Wl,/foo conftest.c  >&5
configure:11672: $? = 0
configure:11905: result: GNU/Linux ld.so
configure:12007: checking how to hardcode library paths into programs
configure:12032: result: immediate
configure:12865: checking whether stripping libraries is possible
configure:12870: result: yes
configure:12905: checking if libtool supports shared libraries
configure:12907: result: yes
configure:12910: checking whether to build shared libraries
configure:12931: result: yes
configure:12934: checking whether to build static libraries
configure:12938: result: no
configure:13017: checking for windres
configure:13047: result: no
configure:13154: checking for simple visibility declarations
configure:13186: gcc -c -g -O2 -fvisibility=hidden  conftest.c >&5
cc1: error: unrecognized command line option "-fvisibility=hidden"
configure:13193: $? = 1
configure: failed program was:
| /* confdefs.h.  */
| #define PACKAGE_NAME ""
| #define PACKAGE_TARNAME ""
| #define PACKAGE_VERSION ""
| #define PACKAGE_STRING ""
| #define PACKAGE_BUGREPORT ""
| #define PACKAGE "libiconv"
| #define VERSION "1.13"
| #define STDC_HEADERS 1
| #define HAVE_SYS_TYPES_H 1
| #define HAVE_SYS_STAT_H 1
| #define HAVE_STDLIB_H 1
| #define HAVE_STRING_H 1
| #define HAVE_MEMORY_H 1
| #define HAVE_STRINGS_H 1
| #define HAVE_INTTYPES_H 1
| #define HAVE_STDINT_H 1
| #define HAVE_UNISTD_H 1
| #define __EXTENSIONS__ 1
| #define _ALL_SOURCE 1
| #define _GNU_SOURCE 1
| #define _POSIX_PTHREAD_SEMANTICS 1
| #define _TANDEM_SOURCE 1
| #define INSTALLPREFIX "/usr/local"
| #define HAVE_DLFCN_H 1
| #define LT_OBJDIR ".libs/"
| /* end confdefs.h.  */
| extern __attribute__((__visibility__("hidden"))) int hiddenvar;
|          extern __attribute__((__visibility__("default"))) int exportedvar;
|          extern __attribute__((__visibility__("hidden"))) int hiddenfunc (void);
|          extern __attribute__((__visibility__("default"))) int exportedfunc (void);
| int
| main ()
| {
| 
|   ;
|   return 0;
| }
configure:13210: result: no
configure:13243: checking for shared library run path origin
configure:13256: result: done
configure:13834: checking for iconv
configure:13866: gcc -o conftest -g -O2   conftest.c  >&5
configure:13873: $? = 0
configure:13950: result: yes
configure:13953: checking for working iconv
configure:14039: gcc -o conftest -g -O2   conftest.c  >&5
configure:14043: $? = 0
configure:14049: ./conftest
configure:14053: $? = 0
configure:14072: result: yes
configure:14102: checking for iconv declaration
configure:14141: gcc -c -g -O2  conftest.c >&5
configure:14148: $? = 0
configure:14167: result: 
         extern size_t iconv (iconv_t cd, char * *inbuf, size_t *inbytesleft, char * *outbuf, size_t *outbytesleft);
configure:14178: checking whether NLS is requested
configure:14187: result: yes
configure:14228: checking for msgfmt
configure: trying /usr/bin/msgfmt...
0 translated messages.
configure:14260: result: /usr/bin/msgfmt
configure:14269: checking for gmsgfmt
configure:14300: result: /usr/bin/msgfmt
configure:14351: checking for xgettext
configure: trying /usr/bin/xgettext...
/usr/bin/xgettext: warning: file `/dev/null' extension `' is unknown; will try C
configure:14383: result: /usr/bin/xgettext
configure:14429: checking for msgmerge
configure: trying /usr/bin/msgmerge...
configure:14460: result: /usr/bin/msgmerge
configure:14500: checking for CFPreferencesCopyAppValue
configure:14528: gcc -o conftest -g -O2   conftest.c  -Wl,-framework -Wl,CoreFoundation >&5
conftest.c:31:42: CoreFoundation/CFPreferences.h: No such file or directory
conftest.c: In function `main':
conftest.c:35: error: `NULL' undeclared (first use in this function)
conftest.c:35: error: (Each undeclared identifier is reported only once
conftest.c:35: error: for each function it appears in.)
configure:14535: $? = 1
configure: failed program was:
| /* confdefs.h.  */
| #define PACKAGE_NAME ""
| #define PACKAGE_TARNAME ""
| #define PACKAGE_VERSION ""
| #define PACKAGE_STRING ""
| #define PACKAGE_BUGREPORT ""
| #define PACKAGE "libiconv"
| #define VERSION "1.13"
| #define STDC_HEADERS 1
| #define HAVE_SYS_TYPES_H 1
| #define HAVE_SYS_STAT_H 1
| #define HAVE_STDLIB_H 1
| #define HAVE_STRING_H 1
| #define HAVE_MEMORY_H 1
| #define HAVE_STRINGS_H 1
| #define HAVE_INTTYPES_H 1
| #define HAVE_STDINT_H 1
| #define HAVE_UNISTD_H 1
| #define __EXTENSIONS__ 1
| #define _ALL_SOURCE 1
| #define _GNU_SOURCE 1
| #define _POSIX_PTHREAD_SEMANTICS 1
| #define _TANDEM_SOURCE 1
| #define INSTALLPREFIX "/usr/local"
| #define HAVE_DLFCN_H 1
| #define LT_OBJDIR ".libs/"
| #define HAVE_VISIBILITY 0
| #define HAVE_ICONV 1
| #define ICONV_CONST 
| /* end confdefs.h.  */
| #include <CoreFoundation/CFPreferences.h>
| int
| main ()
| {
| CFPreferencesCopyAppValue(NULL, NULL)
|   ;
|   return 0;
| }
configure:14556: result: no
configure:14565: checking for CFLocaleCopyCurrent
configure:14593: gcc -o conftest -g -O2   conftest.c  -Wl,-framework -Wl,CoreFoundation >&5
conftest.c:31:37: CoreFoundation/CFLocale.h: No such file or directory
configure:14600: $? = 1
configure: failed program was:
| /* confdefs.h.  */
| #define PACKAGE_NAME ""
| #define PACKAGE_TARNAME ""
| #define PACKAGE_VERSION ""
| #define PACKAGE_STRING ""
| #define PACKAGE_BUGREPORT ""
| #define PACKAGE "libiconv"
| #define VERSION "1.13"
| #define STDC_HEADERS 1
| #define HAVE_SYS_TYPES_H 1
| #define HAVE_SYS_STAT_H 1
| #define HAVE_STDLIB_H 1
| #define HAVE_STRING_H 1
| #define HAVE_MEMORY_H 1
| #define HAVE_STRINGS_H 1
| #define HAVE_INTTYPES_H 1
| #define HAVE_STDINT_H 1
| #define HAVE_UNISTD_H 1
| #define __EXTENSIONS__ 1
| #define _ALL_SOURCE 1
| #define _GNU_SOURCE 1
| #define _POSIX_PTHREAD_SEMANTICS 1
| #define _TANDEM_SOURCE 1
| #define INSTALLPREFIX "/usr/local"
| #define HAVE_DLFCN_H 1
| #define LT_OBJDIR ".libs/"
| #define HAVE_VISIBILITY 0
| #define HAVE_ICONV 1
| #define ICONV_CONST 
| /* end confdefs.h.  */
| #include <CoreFoundation/CFLocale.h>
| int
| main ()
| {
| CFLocaleCopyCurrent();
|   ;
|   return 0;
| }
configure:14621: result: no
configure:14672: checking for GNU gettext in libc
configure:14702: gcc -o conftest -g -O2   conftest.c  >&5
configure:14709: $? = 0
configure:14731: result: yes
configure:15660: checking whether to use NLS
configure:15662: result: yes
configure:15665: checking where the gettext function comes from
configure:15676: result: libc
configure:15741: checking for mbstate_t
configure:15768: gcc -c -g -O2  conftest.c >&5
configure:15775: $? = 0
configure:15790: result: yes
configure:15807: checking for wchar_t
configure:15834: gcc -c -g -O2  conftest.c >&5
configure:15841: $? = 0
configure:15856: result: yes
configure:15890: checking for getc_unlocked
configure:15946: gcc -o conftest -g -O2   conftest.c  >&5
configure:15953: $? = 0
configure:15975: result: yes
configure:15890: checking for mbrtowc
configure:15946: gcc -o conftest -g -O2   conftest.c  >&5
configure:15953: $? = 0
configure:15975: result: yes
configure:15890: checking for wcrtomb
configure:15946: gcc -o conftest -g -O2   conftest.c  >&5
configure:15953: $? = 0
configure:15975: result: yes
configure:15890: checking for mbsinit
configure:15946: gcc -o conftest -g -O2   conftest.c  >&5
configure:15953: $? = 0
configure:15975: result: yes
configure:15890: checking for setlocale
configure:15946: gcc -o conftest -g -O2   conftest.c  >&5
configure:15953: $? = 0
configure:15975: result: yes
configure:15995: checking whether <wchar.h> is standalone
configure:16010: gcc -c -g -O2  conftest.c >&5
configure:16017: $? = 0
configure:16032: result: yes
configure:16045: checking for memmove
configure:16101: gcc -o conftest -g -O2   conftest.c  >&5
conftest.c:64: warning: conflicting types for built-in function 'memmove'
configure:16108: $? = 0
configure:16130: result: yes
configure:16146: checking for nl_langinfo and CODESET
configure:16172: gcc -o conftest -g -O2   conftest.c  >&5
configure:16179: $? = 0
configure:16200: result: yes
configure:16229: checking wchar.h usability
configure:16246: gcc -c -g -O2  conftest.c >&5
configure:16253: $? = 0
configure:16267: result: yes
configure:16271: checking wchar.h presence
configure:16286: gcc -E  conftest.c
configure:16293: $? = 0
configure:16307: result: yes
configure:16335: checking for wchar.h
configure:16344: result: yes
configure:16360: checking for EILSEQ
configure:16783: result: yes
configure:16796: checking byte ordering
configure:16829: gcc -o conftest -g -O2   conftest.c  >&5
configure:16833: $? = 0
configure:16839: ./conftest
configure:16843: $? = 1
configure: program exited with status 1
configure: failed program was:
| /* confdefs.h.  */
| #define PACKAGE_NAME ""
| #define PACKAGE_TARNAME ""
| #define PACKAGE_VERSION ""
| #define PACKAGE_STRING ""
| #define PACKAGE_BUGREPORT ""
| #define PACKAGE "libiconv"
| #define VERSION "1.13"
| #define STDC_HEADERS 1
| #define HAVE_SYS_TYPES_H 1
| #define HAVE_SYS_STAT_H 1
| #define HAVE_STDLIB_H 1
| #define HAVE_STRING_H 1
| #define HAVE_MEMORY_H 1
| #define HAVE_STRINGS_H 1
| #define HAVE_INTTYPES_H 1
| #define HAVE_STDINT_H 1
| #define HAVE_UNISTD_H 1
| #define __EXTENSIONS__ 1
| #define _ALL_SOURCE 1
| #define _GNU_SOURCE 1
| #define _POSIX_PTHREAD_SEMANTICS 1
| #define _TANDEM_SOURCE 1
| #define INSTALLPREFIX "/usr/local"
| #define HAVE_DLFCN_H 1
| #define LT_OBJDIR ".libs/"
| #define HAVE_VISIBILITY 0
| #define HAVE_ICONV 1
| #define ICONV_CONST 
| #define ENABLE_NLS 1
| #define HAVE_GETTEXT 1
| #define HAVE_DCGETTEXT 1
| #define HAVE_MBSTATE_T 1
| #define HAVE_WCHAR_T 1
| #define HAVE_GETC_UNLOCKED 1
| #define HAVE_MBRTOWC 1
| #define HAVE_WCRTOMB 1
| #define HAVE_MBSINIT 1
| #define HAVE_SETLOCALE 1
| #define HAVE_MEMMOVE 1
| #define HAVE_LANGINFO_CODESET 1
| #define HAVE_WCHAR_H 1
| /* end confdefs.h.  */
| int main () {
|   /* Are we little or big endian?  From Harbison&Steele.  */
|   union
|   {
|     long l;
|     char c[sizeof (long)];
|   } u;
|   u.l = 1;
|   exit (u.c[0] == 1);
| }
configure:16902: result: little endian
configure:16924: checking for working alloca.h
configure:16951: gcc -o conftest -g -O2   conftest.c  >&5
configure:16958: $? = 0
configure:16978: result: yes
configure:16988: checking for alloca
configure:17035: gcc -o conftest -g -O2   conftest.c  >&5
configure:17042: $? = 0
configure:17062: result: yes
configure:17311: checking for stdlib.h
configure:17318: result: yes
configure:17311: checking for string.h
configure:17318: result: yes
configure:17322: checking sys/param.h usability
configure:17339: gcc -c -g -O2  conftest.c >&5
configure:17346: $? = 0
configure:17360: result: yes
configure:17364: checking sys/param.h presence
configure:17379: gcc -E  conftest.c
configure:17386: $? = 0
configure:17400: result: yes
configure:17428: checking for sys/param.h
configure:17437: result: yes
configure:17311: checking for unistd.h
configure:17318: result: yes
configure:17322: checking errno.h usability
configure:17339: gcc -c -g -O2  conftest.c >&5
configure:17346: $? = 0
configure:17360: result: yes
configure:17364: checking errno.h presence
configure:17379: gcc -E  conftest.c
configure:17386: $? = 0
configure:17400: result: yes
configure:17428: checking for errno.h
configure:17437: result: yes
configure:17322: checking sys/socket.h usability
configure:17339: gcc -c -g -O2  conftest.c >&5
configure:17346: $? = 0
configure:17360: result: yes
configure:17364: checking sys/socket.h presence
configure:17379: gcc -E  conftest.c
configure:17386: $? = 0
configure:17400: result: yes
configure:17428: checking for sys/socket.h
configure:17437: result: yes
configure:17322: checking signal.h usability
configure:17339: gcc -c -g -O2  conftest.c >&5
configure:17346: $? = 0
configure:17360: result: yes
configure:17364: checking signal.h presence
configure:17379: gcc -E  conftest.c
configure:17386: $? = 0
configure:17400: result: yes
configure:17428: checking for signal.h
configure:17437: result: yes
configure:17311: checking for stdint.h
configure:17318: result: yes
configure:17311: checking for wchar.h
configure:17318: result: yes
configure:17322: checking stdio.h usability
configure:17339: gcc -c -g -O2  conftest.c >&5
configure:17346: $? = 0
configure:17360: result: yes
configure:17364: checking stdio.h presence
configure:17379: gcc -E  conftest.c
configure:17386: $? = 0
configure:17400: result: yes
configure:17428: checking for stdio.h
configure:17437: result: yes
configure:17456: checking whether canonicalize_file_name is declared
configure:17485: gcc -c -g -O2  conftest.c >&5
configure:17492: $? = 0
configure:17507: result: yes
configure:17532: checking for canonicalize_file_name
configure:17588: gcc -o conftest -g -O2   conftest.c  >&5
configure:17595: $? = 0
configure:17617: result: yes
configure:17532: checking for getcwd
configure:17588: gcc -o conftest -g -O2   conftest.c  >&5
configure:17595: $? = 0
configure:17617: result: yes
configure:17532: checking for readlink
configure:17588: gcc -o conftest -g -O2   conftest.c  >&5
configure:17595: $? = 0
configure:17617: result: yes
configure:17532: checking for pathconf
configure:17588: gcc -o conftest -g -O2   conftest.c  >&5
configure:17595: $? = 0
configure:17617: result: yes
configure:17532: checking for setenv
configure:17588: gcc -o conftest -g -O2   conftest.c  >&5
configure:17595: $? = 0
configure:17617: result: yes
configure:17690: checking whether the preprocessor supports include_next
configure:17733: gcc -c -g -O2  -Iconftestd1b -Iconftestd2 conftest.c >&5
configure:17740: $? = 0
configure:17789: result: yes
configure:17815: checking for complete errno.h
configure:17868: result: yes
configure:19197: checking whether strerror_r is declared
configure:19226: gcc -c -g -O2  conftest.c >&5
configure:19233: $? = 0
configure:19248: result: yes
configure:19270: checking for strerror_r
configure:19326: gcc -o conftest -g -O2   conftest.c  >&5
configure:19333: $? = 0
configure:19355: result: yes
configure:19367: checking whether strerror_r returns char *
configure:19401: gcc -c -g -O2  conftest.c >&5
configure:19408: $? = 0
configure:19487: result: yes
configure:19501: checking whether malloc, realloc, calloc are POSIX compliant
configure:19531: gcc -c -g -O2  conftest.c >&5
configure:19538: $? = 0
configure:19554: result: yes
configure:19601: checking for stdlib.h
configure:19608: result: yes
configure:19742: checking for GNU libc compatible malloc
configure:19776: gcc -o conftest -g -O2   conftest.c  >&5
configure:19780: $? = 0
configure:19786: ./conftest
configure:19790: $? = 0
configure:19807: result: yes
configure:19823: checking for long long int
configure:19870: gcc -o conftest -g -O2   conftest.c  >&5
configure:19877: $? = 0
configure:19923: gcc -o conftest -g -O2   conftest.c  >&5
configure:19927: $? = 0
configure:19933: ./conftest
configure:19937: $? = 0
configure:19964: result: yes
configure:19994: gcc -c -g -O2  conftest.c >&5
conftest.c:70: error: parse error before "a"
conftest.c:72: error: syntax error before "typedef"
configure:20001: $? = 1
configure: failed program was:
| /* confdefs.h.  */
| #define PACKAGE_NAME ""
| #define PACKAGE_TARNAME ""
| #define PACKAGE_VERSION ""
| #define PACKAGE_STRING ""
| #define PACKAGE_BUGREPORT ""
| #define PACKAGE "libiconv"
| #define VERSION "1.13"
| #define STDC_HEADERS 1
| #define HAVE_SYS_TYPES_H 1
| #define HAVE_SYS_STAT_H 1
| #define HAVE_STDLIB_H 1
| #define HAVE_STRING_H 1
| #define HAVE_MEMORY_H 1
| #define HAVE_STRINGS_H 1
| #define HAVE_INTTYPES_H 1
| #define HAVE_STDINT_H 1
| #define HAVE_UNISTD_H 1
| #define __EXTENSIONS__ 1
| #define _ALL_SOURCE 1
| #define _GNU_SOURCE 1
| #define _POSIX_PTHREAD_SEMANTICS 1
| #define _TANDEM_SOURCE 1
| #define INSTALLPREFIX "/usr/local"
| #define HAVE_DLFCN_H 1
| #define LT_OBJDIR ".libs/"
| #define HAVE_VISIBILITY 0
| #define HAVE_ICONV 1
| #define ICONV_CONST 
| #define ENABLE_NLS 1
| #define HAVE_GETTEXT 1
| #define HAVE_DCGETTEXT 1
| #define HAVE_MBSTATE_T 1
| #define HAVE_WCHAR_T 1
| #define HAVE_GETC_UNLOCKED 1
| #define HAVE_MBRTOWC 1
| #define HAVE_WCRTOMB 1
| #define HAVE_MBSINIT 1
| #define HAVE_SETLOCALE 1
| #define HAVE_MEMMOVE 1
| #define HAVE_LANGINFO_CODESET 1
| #define HAVE_WCHAR_H 1
| #define WORDS_LITTLEENDIAN 1
| #define HAVE_ALLOCA_H 1
| #define HAVE_ALLOCA 1
| #define HAVE_STDLIB_H 1
| #define HAVE_STRING_H 1
| #define HAVE_SYS_PARAM_H 1
| #define HAVE_UNISTD_H 1
| #define HAVE_ERRNO_H 1
| #define HAVE_SYS_SOCKET_H 1
| #define HAVE_SIGNAL_H 1
| #define HAVE_STDINT_H 1
| #define HAVE_WCHAR_H 1
| #define HAVE_STDIO_H 1
| #define HAVE_DECL_CANONICALIZE_FILE_NAME 1
| #define HAVE_CANONICALIZE_FILE_NAME 1
| #define HAVE_GETCWD 1
| #define HAVE_READLINK 1
| #define HAVE_PATHCONF 1
| #define HAVE_SETENV 1
| #define HAVE_DECL_STRERROR_R 1
| #define HAVE_STRERROR_R 1
| #define STRERROR_R_CHAR_P 1
| #define HAVE_STDLIB_H 1
| #define MALLOC_0_IS_NONNULL 1
| #define HAVE_LONG_LONG_INT 1
| /* end confdefs.h.  */
| #ifndef __APPLE_CC__
|          not a universal capable compiler
|         #endif
|         typedef int dummy;
| 
configure:20130: checking for SIGPIPE
configure:20159: result: yes
configure:20232: checking for stdbool.h that conforms to C99
configure:20325: gcc -c -g -O2  conftest.c >&5
configure:20332: $? = 0
configure:20347: result: yes
configure:20349: checking for _Bool
configure:20377: gcc -c -g -O2  conftest.c >&5
configure:20384: $? = 0
configure:20411: gcc -c -g -O2  conftest.c >&5
conftest.c: In function `main':
conftest.c:105: error: parse error before ')' token
configure:20418: $? = 1
configure: failed program was:
| /* confdefs.h.  */
| #define PACKAGE_NAME ""
| #define PACKAGE_TARNAME ""
| #define PACKAGE_VERSION ""
| #define PACKAGE_STRING ""
| #define PACKAGE_BUGREPORT ""
| #define PACKAGE "libiconv"
| #define VERSION "1.13"
| #define STDC_HEADERS 1
| #define HAVE_SYS_TYPES_H 1
| #define HAVE_SYS_STAT_H 1
| #define HAVE_STDLIB_H 1
| #define HAVE_STRING_H 1
| #define HAVE_MEMORY_H 1
| #define HAVE_STRINGS_H 1
| #define HAVE_INTTYPES_H 1
| #define HAVE_STDINT_H 1
| #define HAVE_UNISTD_H 1
| #define __EXTENSIONS__ 1
| #define _ALL_SOURCE 1
| #define _GNU_SOURCE 1
| #define _POSIX_PTHREAD_SEMANTICS 1
| #define _TANDEM_SOURCE 1
| #define INSTALLPREFIX "/usr/local"
| #define HAVE_DLFCN_H 1
| #define LT_OBJDIR ".libs/"
| #define HAVE_VISIBILITY 0
| #define HAVE_ICONV 1
| #define ICONV_CONST 
| #define ENABLE_NLS 1
| #define HAVE_GETTEXT 1
| #define HAVE_DCGETTEXT 1
| #define HAVE_MBSTATE_T 1
| #define HAVE_WCHAR_T 1
| #define HAVE_GETC_UNLOCKED 1
| #define HAVE_MBRTOWC 1
| #define HAVE_WCRTOMB 1
| #define HAVE_MBSINIT 1
| #define HAVE_SETLOCALE 1
| #define HAVE_MEMMOVE 1
| #define HAVE_LANGINFO_CODESET 1
| #define HAVE_WCHAR_H 1
| #define WORDS_LITTLEENDIAN 1
| #define HAVE_ALLOCA_H 1
| #define HAVE_ALLOCA 1
| #define HAVE_STDLIB_H 1
| #define HAVE_STRING_H 1
| #define HAVE_SYS_PARAM_H 1
| #define HAVE_UNISTD_H 1
| #define HAVE_ERRNO_H 1
| #define HAVE_SYS_SOCKET_H 1
| #define HAVE_SIGNAL_H 1
| #define HAVE_STDINT_H 1
| #define HAVE_WCHAR_H 1
| #define HAVE_STDIO_H 1
| #define HAVE_DECL_CANONICALIZE_FILE_NAME 1
| #define HAVE_CANONICALIZE_FILE_NAME 1
| #define HAVE_GETCWD 1
| #define HAVE_READLINK 1
| #define HAVE_PATHCONF 1
| #define HAVE_SETENV 1
| #define HAVE_DECL_STRERROR_R 1
| #define HAVE_STRERROR_R 1
| #define STRERROR_R_CHAR_P 1
| #define HAVE_STDLIB_H 1
| #define MALLOC_0_IS_NONNULL 1
| #define HAVE_LONG_LONG_INT 1
| /* end confdefs.h.  */
| #include <stdio.h>
| #ifdef HAVE_SYS_TYPES_H
| # include <sys/types.h>
| #endif
| #ifdef HAVE_SYS_STAT_H
| # include <sys/stat.h>
| #endif
| #ifdef STDC_HEADERS
| # include <stdlib.h>
| # include <stddef.h>
| #else
| # ifdef HAVE_STDLIB_H
| #  include <stdlib.h>
| # endif
| #endif
| #ifdef HAVE_STRING_H
| # if !defined STDC_HEADERS && defined HAVE_MEMORY_H
| #  include <memory.h>
| # endif
| # include <string.h>
| #endif
| #ifdef HAVE_STRINGS_H
| # include <strings.h>
| #endif
| #ifdef HAVE_INTTYPES_H
| # include <inttypes.h>
| #endif
| #ifdef HAVE_STDINT_H
| # include <stdint.h>
| #endif
| #ifdef HAVE_UNISTD_H
| # include <unistd.h>
| #endif
| int
| main ()
| {
| if (sizeof ((_Bool)))
| 	  return 0;
|   ;
|   return 0;
| }
configure:20441: result: yes
configure:20460: checking for unsigned long long int
configure:20507: gcc -o conftest -g -O2   conftest.c  >&5
configure:20514: $? = 0
configure:20534: result: yes
configure:20550: checking for C/C++ restrict keyword
configure:20585: gcc -c -g -O2  conftest.c >&5
configure:20592: $? = 0
configure:20610: result: __restrict
configure:20683: checking whether clearerr_unlocked is declared
configure:20712: gcc -c -g -O2  conftest.c >&5
configure:20719: $? = 0
configure:20734: result: yes
configure:20752: checking whether feof_unlocked is declared
configure:20781: gcc -c -g -O2  conftest.c >&5
configure:20788: $? = 0
configure:20803: result: yes
configure:20821: checking whether ferror_unlocked is declared
configure:20850: gcc -c -g -O2  conftest.c >&5
configure:20857: $? = 0
configure:20872: result: yes
configure:20890: checking whether fflush_unlocked is declared
configure:20919: gcc -c -g -O2  conftest.c >&5
configure:20926: $? = 0
configure:20941: result: yes
configure:20959: checking whether fgets_unlocked is declared
configure:20988: gcc -c -g -O2  conftest.c >&5
configure:20995: $? = 0
configure:21010: result: yes
configure:21028: checking whether fputc_unlocked is declared
configure:21057: gcc -c -g -O2  conftest.c >&5
configure:21064: $? = 0
configure:21079: result: yes
configure:21097: checking whether fputs_unlocked is declared
configure:21126: gcc -c -g -O2  conftest.c >&5
configure:21133: $? = 0
configure:21148: result: yes
configure:21166: checking whether fread_unlocked is declared
configure:21195: gcc -c -g -O2  conftest.c >&5
configure:21202: $? = 0
configure:21217: result: yes
configure:21235: checking whether fwrite_unlocked is declared
configure:21264: gcc -c -g -O2  conftest.c >&5
configure:21271: $? = 0
configure:21286: result: yes
configure:21304: checking whether getc_unlocked is declared
configure:21333: gcc -c -g -O2  conftest.c >&5
configure:21340: $? = 0
configure:21355: result: yes
configure:21373: checking whether getchar_unlocked is declared
configure:21402: gcc -c -g -O2  conftest.c >&5
configure:21409: $? = 0
configure:21424: result: yes
configure:21442: checking whether putc_unlocked is declared
configure:21471: gcc -c -g -O2  conftest.c >&5
configure:21478: $? = 0
configure:21493: result: yes
configure:21511: checking whether putchar_unlocked is declared
configure:21540: gcc -c -g -O2  conftest.c >&5
configure:21547: $? = 0
configure:21562: result: yes
configure:21617: checking for wint_t
configure:21652: gcc -c -g -O2  conftest.c >&5
configure:21659: $? = 0
configure:21674: result: yes
configure:21808: checking if environ is properly declared
configure:21836: gcc -c -g -O2  conftest.c >&5
conftest.c:89: error: conflicting types for 'environ'
/usr/include/unistd.h:474: error: previous declaration of 'environ' was here
conftest.c:89: error: conflicting types for 'environ'
/usr/include/unistd.h:474: error: previous declaration of 'environ' was here
configure:21843: $? = 1
configure: failed program was:
| /* confdefs.h.  */
| #define PACKAGE_NAME ""
| #define PACKAGE_TARNAME ""
| #define PACKAGE_VERSION ""
| #define PACKAGE_STRING ""
| #define PACKAGE_BUGREPORT ""
| #define PACKAGE "libiconv"
| #define VERSION "1.13"
| #define STDC_HEADERS 1
| #define HAVE_SYS_TYPES_H 1
| #define HAVE_SYS_STAT_H 1
| #define HAVE_STDLIB_H 1
| #define HAVE_STRING_H 1
| #define HAVE_MEMORY_H 1
| #define HAVE_STRINGS_H 1
| #define HAVE_INTTYPES_H 1
| #define HAVE_STDINT_H 1
| #define HAVE_UNISTD_H 1
| #define __EXTENSIONS__ 1
| #define _ALL_SOURCE 1
| #define _GNU_SOURCE 1
| #define _POSIX_PTHREAD_SEMANTICS 1
| #define _TANDEM_SOURCE 1
| #define INSTALLPREFIX "/usr/local"
| #define HAVE_DLFCN_H 1
| #define LT_OBJDIR ".libs/"
| #define HAVE_VISIBILITY 0
| #define HAVE_ICONV 1
| #define ICONV_CONST 
| #define ENABLE_NLS 1
| #define HAVE_GETTEXT 1
| #define HAVE_DCGETTEXT 1
| #define HAVE_MBSTATE_T 1
| #define HAVE_WCHAR_T 1
| #define HAVE_GETC_UNLOCKED 1
| #define HAVE_MBRTOWC 1
| #define HAVE_WCRTOMB 1
| #define HAVE_MBSINIT 1
| #define HAVE_SETLOCALE 1
| #define HAVE_MEMMOVE 1
| #define HAVE_LANGINFO_CODESET 1
| #define HAVE_WCHAR_H 1
| #define WORDS_LITTLEENDIAN 1
| #define HAVE_ALLOCA_H 1
| #define HAVE_ALLOCA 1
| #define HAVE_STDLIB_H 1
| #define HAVE_STRING_H 1
| #define HAVE_SYS_PARAM_H 1
| #define HAVE_UNISTD_H 1
| #define HAVE_ERRNO_H 1
| #define HAVE_SYS_SOCKET_H 1
| #define HAVE_SIGNAL_H 1
| #define HAVE_STDINT_H 1
| #define HAVE_WCHAR_H 1
| #define HAVE_STDIO_H 1
| #define HAVE_DECL_CANONICALIZE_FILE_NAME 1
| #define HAVE_CANONICALIZE_FILE_NAME 1
| #define HAVE_GETCWD 1
| #define HAVE_READLINK 1
| #define HAVE_PATHCONF 1
| #define HAVE_SETENV 1
| #define HAVE_DECL_STRERROR_R 1
| #define HAVE_STRERROR_R 1
| #define STRERROR_R_CHAR_P 1
| #define HAVE_STDLIB_H 1
| #define MALLOC_0_IS_NONNULL 1
| #define HAVE_LONG_LONG_INT 1
| #define HAVE__BOOL 1
| #define HAVE_STDBOOL_H 1
| #define HAVE_UNSIGNED_LONG_LONG_INT 1
| #define restrict __restrict
| #define HAVE_DECL_CLEARERR_UNLOCKED 1
| #define HAVE_DECL_FEOF_UNLOCKED 1
| #define HAVE_DECL_FERROR_UNLOCKED 1
| #define HAVE_DECL_FFLUSH_UNLOCKED 1
| #define HAVE_DECL_FGETS_UNLOCKED 1
| #define HAVE_DECL_FPUTC_UNLOCKED 1
| #define HAVE_DECL_FPUTS_UNLOCKED 1
| #define HAVE_DECL_FREAD_UNLOCKED 1
| #define HAVE_DECL_FWRITE_UNLOCKED 1
| #define HAVE_DECL_GETC_UNLOCKED 1
| #define HAVE_DECL_GETCHAR_UNLOCKED 1
| #define HAVE_DECL_PUTC_UNLOCKED 1
| #define HAVE_DECL_PUTCHAR_UNLOCKED 1
| #define HAVE_WINT_T 1
| #define GNULIB_CANONICALIZE_LGPL 1
| /* end confdefs.h.  */
| #include <unistd.h>
|       extern struct { int foo; } environ;
| int
| main ()
| {
| environ.foo = 1;
|   ;
|   return 0;
| }
configure:21859: result: yes
configure:21892: checking for error_at_line
configure:21918: gcc -o conftest -g -O2   conftest.c  >&5
configure:21925: $? = 0
configure:21945: result: yes
configure:22010: checking for mbstate_t
configure:22059: result: yes
configure:22088: checking for memmove
configure:22173: result: yes
configure:22357: checking search.h usability
configure:22374: gcc -c -g -O2  conftest.c >&5
configure:22381: $? = 0
configure:22395: result: yes
configure:22399: checking search.h presence
configure:22414: gcc -E  conftest.c
configure:22421: $? = 0
configure:22435: result: yes
configure:22463: checking for search.h
configure:22472: result: yes
configure:22491: checking for tsearch
configure:22547: gcc -o conftest -g -O2   conftest.c  >&5
configure:22554: $? = 0
configure:22576: result: yes
configure:22594: checking for working strerror function
configure:22667: gcc -o conftest -g -O2   conftest.c  >&5
configure:22671: $? = 0
configure:22677: ./conftest
configure:22681: $? = 0
configure:22699: result: yes
configure:22992: checking for volatile sig_atomic_t
configure:23023: gcc -c -g -O2  conftest.c >&5
configure:23030: $? = 0
configure:23060: gcc -c -g -O2  conftest.c >&5
conftest.c: In function `main':
conftest.c:101: error: parse error before ')' token
configure:23067: $? = 1
configure: failed program was:
| /* confdefs.h.  */
| #define PACKAGE_NAME ""
| #define PACKAGE_TARNAME ""
| #define PACKAGE_VERSION ""
| #define PACKAGE_STRING ""
| #define PACKAGE_BUGREPORT ""
| #define PACKAGE "libiconv"
| #define VERSION "1.13"
| #define STDC_HEADERS 1
| #define HAVE_SYS_TYPES_H 1
| #define HAVE_SYS_STAT_H 1
| #define HAVE_STDLIB_H 1
| #define HAVE_STRING_H 1
| #define HAVE_MEMORY_H 1
| #define HAVE_STRINGS_H 1
| #define HAVE_INTTYPES_H 1
| #define HAVE_STDINT_H 1
| #define HAVE_UNISTD_H 1
| #define __EXTENSIONS__ 1
| #define _ALL_SOURCE 1
| #define _GNU_SOURCE 1
| #define _POSIX_PTHREAD_SEMANTICS 1
| #define _TANDEM_SOURCE 1
| #define INSTALLPREFIX "/usr/local"
| #define HAVE_DLFCN_H 1
| #define LT_OBJDIR ".libs/"
| #define HAVE_VISIBILITY 0
| #define HAVE_ICONV 1
| #define ICONV_CONST 
| #define ENABLE_NLS 1
| #define HAVE_GETTEXT 1
| #define HAVE_DCGETTEXT 1
| #define HAVE_MBSTATE_T 1
| #define HAVE_WCHAR_T 1
| #define HAVE_GETC_UNLOCKED 1
| #define HAVE_MBRTOWC 1
| #define HAVE_WCRTOMB 1
| #define HAVE_MBSINIT 1
| #define HAVE_SETLOCALE 1
| #define HAVE_MEMMOVE 1
| #define HAVE_LANGINFO_CODESET 1
| #define HAVE_WCHAR_H 1
| #define WORDS_LITTLEENDIAN 1
| #define HAVE_ALLOCA_H 1
| #define HAVE_ALLOCA 1
| #define HAVE_STDLIB_H 1
| #define HAVE_STRING_H 1
| #define HAVE_SYS_PARAM_H 1
| #define HAVE_UNISTD_H 1
| #define HAVE_ERRNO_H 1
| #define HAVE_SYS_SOCKET_H 1
| #define HAVE_SIGNAL_H 1
| #define HAVE_STDINT_H 1
| #define HAVE_WCHAR_H 1
| #define HAVE_STDIO_H 1
| #define HAVE_DECL_CANONICALIZE_FILE_NAME 1
| #define HAVE_CANONICALIZE_FILE_NAME 1
| #define HAVE_GETCWD 1
| #define HAVE_READLINK 1
| #define HAVE_PATHCONF 1
| #define HAVE_SETENV 1
| #define HAVE_DECL_STRERROR_R 1
| #define HAVE_STRERROR_R 1
| #define STRERROR_R_CHAR_P 1
| #define HAVE_STDLIB_H 1
| #define MALLOC_0_IS_NONNULL 1
| #define HAVE_LONG_LONG_INT 1
| #define HAVE__BOOL 1
| #define HAVE_STDBOOL_H 1
| #define HAVE_UNSIGNED_LONG_LONG_INT 1
| #define restrict __restrict
| #define HAVE_DECL_CLEARERR_UNLOCKED 1
| #define HAVE_DECL_FEOF_UNLOCKED 1
| #define HAVE_DECL_FERROR_UNLOCKED 1
| #define HAVE_DECL_FFLUSH_UNLOCKED 1
| #define HAVE_DECL_FGETS_UNLOCKED 1
| #define HAVE_DECL_FPUTC_UNLOCKED 1
| #define HAVE_DECL_FPUTS_UNLOCKED 1
| #define HAVE_DECL_FREAD_UNLOCKED 1
| #define HAVE_DECL_FWRITE_UNLOCKED 1
| #define HAVE_DECL_GETC_UNLOCKED 1
| #define HAVE_DECL_GETCHAR_UNLOCKED 1
| #define HAVE_DECL_PUTC_UNLOCKED 1
| #define HAVE_DECL_PUTCHAR_UNLOCKED 1
| #define HAVE_WINT_T 1
| #define GNULIB_CANONICALIZE_LGPL 1
| #define HAVE_ENVIRON_DECL 1
| #define HAVE_MALLOC_POSIX 1
| #define HAVE_MBSTATE_T 1
| #define HAVE_MEMMOVE 1
| #define HAVE_SEARCH_H 1
| #define HAVE_TSEARCH 1
| /* end confdefs.h.  */
| 
| #include <signal.h>
| 
| 
| int
| main ()
| {
| if (sizeof ((volatile sig_atomic_t)))
| 	  return 0;
|   ;
|   return 0;
| }
configure:23090: result: yes
configure:23136: checking for sigprocmask
configure:23192: gcc -o conftest -g -O2   conftest.c  >&5
configure:23199: $? = 0
configure:23219: result: yes
configure:23363: checking for ssize_t
configure:23390: gcc -c -g -O2  conftest.c >&5
configure:23397: $? = 0
configure:23412: result: yes
configure:23533: checking whether stdint.h conforms to C99
configure:23710: gcc -c -g -O2  conftest.c >&5
conftest.c:216: error: negative width in bit-field `check_UINT8_C'
conftest.c:218: error: negative width in bit-field `check_UINT16_C'
configure:23717: $? = 1
configure: failed program was:
| 
|          /* confdefs.h.  */
| #define PACKAGE_NAME ""
| #define PACKAGE_TARNAME ""
| #define PACKAGE_VERSION ""
| #define PACKAGE_STRING ""
| #define PACKAGE_BUGREPORT ""
| #define PACKAGE "libiconv"
| #define VERSION "1.13"
| #define STDC_HEADERS 1
| #define HAVE_SYS_TYPES_H 1
| #define HAVE_SYS_STAT_H 1
| #define HAVE_STDLIB_H 1
| #define HAVE_STRING_H 1
| #define HAVE_MEMORY_H 1
| #define HAVE_STRINGS_H 1
| #define HAVE_INTTYPES_H 1
| #define HAVE_STDINT_H 1
| #define HAVE_UNISTD_H 1
| #define __EXTENSIONS__ 1
| #define _ALL_SOURCE 1
| #define _GNU_SOURCE 1
| #define _POSIX_PTHREAD_SEMANTICS 1
| #define _TANDEM_SOURCE 1
| #define INSTALLPREFIX "/usr/local"
| #define HAVE_DLFCN_H 1
| #define LT_OBJDIR ".libs/"
| #define HAVE_VISIBILITY 0
| #define HAVE_ICONV 1
| #define ICONV_CONST 
| #define ENABLE_NLS 1
| #define HAVE_GETTEXT 1
| #define HAVE_DCGETTEXT 1
| #define HAVE_MBSTATE_T 1
| #define HAVE_WCHAR_T 1
| #define HAVE_GETC_UNLOCKED 1
| #define HAVE_MBRTOWC 1
| #define HAVE_WCRTOMB 1
| #define HAVE_MBSINIT 1
| #define HAVE_SETLOCALE 1
| #define HAVE_MEMMOVE 1
| #define HAVE_LANGINFO_CODESET 1
| #define HAVE_WCHAR_H 1
| #define WORDS_LITTLEENDIAN 1
| #define HAVE_ALLOCA_H 1
| #define HAVE_ALLOCA 1
| #define HAVE_STDLIB_H 1
| #define HAVE_STRING_H 1
| #define HAVE_SYS_PARAM_H 1
| #define HAVE_UNISTD_H 1
| #define HAVE_ERRNO_H 1
| #define HAVE_SYS_SOCKET_H 1
| #define HAVE_SIGNAL_H 1
| #define HAVE_STDINT_H 1
| #define HAVE_WCHAR_H 1
| #define HAVE_STDIO_H 1
| #define HAVE_DECL_CANONICALIZE_FILE_NAME 1
| #define HAVE_CANONICALIZE_FILE_NAME 1
| #define HAVE_GETCWD 1
| #define HAVE_READLINK 1
| #define HAVE_PATHCONF 1
| #define HAVE_SETENV 1
| #define HAVE_DECL_STRERROR_R 1
| #define HAVE_STRERROR_R 1
| #define STRERROR_R_CHAR_P 1
| #define HAVE_STDLIB_H 1
| #define MALLOC_0_IS_NONNULL 1
| #define HAVE_LONG_LONG_INT 1
| #define HAVE__BOOL 1
| #define HAVE_STDBOOL_H 1
| #define HAVE_UNSIGNED_LONG_LONG_INT 1
| #define restrict __restrict
| #define HAVE_DECL_CLEARERR_UNLOCKED 1
| #define HAVE_DECL_FEOF_UNLOCKED 1
| #define HAVE_DECL_FERROR_UNLOCKED 1
| #define HAVE_DECL_FFLUSH_UNLOCKED 1
| #define HAVE_DECL_FGETS_UNLOCKED 1
| #define HAVE_DECL_FPUTC_UNLOCKED 1
| #define HAVE_DECL_FPUTS_UNLOCKED 1
| #define HAVE_DECL_FREAD_UNLOCKED 1
| #define HAVE_DECL_FWRITE_UNLOCKED 1
| #define HAVE_DECL_GETC_UNLOCKED 1
| #define HAVE_DECL_GETCHAR_UNLOCKED 1
| #define HAVE_DECL_PUTC_UNLOCKED 1
| #define HAVE_DECL_PUTCHAR_UNLOCKED 1
| #define HAVE_WINT_T 1
| #define GNULIB_CANONICALIZE_LGPL 1
| #define HAVE_ENVIRON_DECL 1
| #define HAVE_MALLOC_POSIX 1
| #define HAVE_MBSTATE_T 1
| #define HAVE_MEMMOVE 1
| #define HAVE_SEARCH_H 1
| #define HAVE_TSEARCH 1
| #define GNULIB_SIGPIPE 1
| /* end confdefs.h.  */
| 
| #define __STDC_LIMIT_MACROS 1 /* to make it work also in C++ mode */
| #define __STDC_CONSTANT_MACROS 1 /* to make it work also in C++ mode */
| #define _GL_JUST_INCLUDE_SYSTEM_STDINT_H 1 /* work if build isn't clean */
| #include <stdint.h>
| /* Dragonfly defines WCHAR_MIN, WCHAR_MAX only in <wchar.h>.  */
| #if !(defined WCHAR_MIN && defined WCHAR_MAX)
| #error "WCHAR_MIN, WCHAR_MAX not defined in <stdint.h>"
| #endif
| 
| 
|   /* BSD/OS 4.0.1 has a bug: <stddef.h>, <stdio.h> and <time.h> must be
|      included before <wchar.h>.  */
|   #include <stddef.h>
|   #include <signal.h>
|   #if HAVE_WCHAR_H
|   # include <stdio.h>
|   # include <time.h>
|   # include <wchar.h>
|   #endif
| 
| 
| #ifdef INT8_MAX
| int8_t a1 = INT8_MAX;
| int8_t a1min = INT8_MIN;
| #endif
| #ifdef INT16_MAX
| int16_t a2 = INT16_MAX;
| int16_t a2min = INT16_MIN;
| #endif
| #ifdef INT32_MAX
| int32_t a3 = INT32_MAX;
| int32_t a3min = INT32_MIN;
| #endif
| #ifdef INT64_MAX
| int64_t a4 = INT64_MAX;
| int64_t a4min = INT64_MIN;
| #endif
| #ifdef UINT8_MAX
| uint8_t b1 = UINT8_MAX;
| #else
| typedef int b1[(unsigned char) -1 != 255 ? 1 : -1];
| #endif
| #ifdef UINT16_MAX
| uint16_t b2 = UINT16_MAX;
| #endif
| #ifdef UINT32_MAX
| uint32_t b3 = UINT32_MAX;
| #endif
| #ifdef UINT64_MAX
| uint64_t b4 = UINT64_MAX;
| #endif
| int_least8_t c1 = INT8_C (0x7f);
| int_least8_t c1max = INT_LEAST8_MAX;
| int_least8_t c1min = INT_LEAST8_MIN;
| int_least16_t c2 = INT16_C (0x7fff);
| int_least16_t c2max = INT_LEAST16_MAX;
| int_least16_t c2min = INT_LEAST16_MIN;
| int_least32_t c3 = INT32_C (0x7fffffff);
| int_least32_t c3max = INT_LEAST32_MAX;
| int_least32_t c3min = INT_LEAST32_MIN;
| int_least64_t c4 = INT64_C (0x7fffffffffffffff);
| int_least64_t c4max = INT_LEAST64_MAX;
| int_least64_t c4min = INT_LEAST64_MIN;
| uint_least8_t d1 = UINT8_C (0xff);
| uint_least8_t d1max = UINT_LEAST8_MAX;
| uint_least16_t d2 = UINT16_C (0xffff);
| uint_least16_t d2max = UINT_LEAST16_MAX;
| uint_least32_t d3 = UINT32_C (0xffffffff);
| uint_least32_t d3max = UINT_LEAST32_MAX;
| uint_least64_t d4 = UINT64_C (0xffffffffffffffff);
| uint_least64_t d4max = UINT_LEAST64_MAX;
| int_fast8_t e1 = INT_FAST8_MAX;
| int_fast8_t e1min = INT_FAST8_MIN;
| int_fast16_t e2 = INT_FAST16_MAX;
| int_fast16_t e2min = INT_FAST16_MIN;
| int_fast32_t e3 = INT_FAST32_MAX;
| int_fast32_t e3min = INT_FAST32_MIN;
| int_fast64_t e4 = INT_FAST64_MAX;
| int_fast64_t e4min = INT_FAST64_MIN;
| uint_fast8_t f1 = UINT_FAST8_MAX;
| uint_fast16_t f2 = UINT_FAST16_MAX;
| uint_fast32_t f3 = UINT_FAST32_MAX;
| uint_fast64_t f4 = UINT_FAST64_MAX;
| #ifdef INTPTR_MAX
| intptr_t g = INTPTR_MAX;
| intptr_t gmin = INTPTR_MIN;
| #endif
| #ifdef UINTPTR_MAX
| uintptr_t h = UINTPTR_MAX;
| #endif
| intmax_t i = INTMAX_MAX;
| uintmax_t j = UINTMAX_MAX;
| 
| #include <limits.h> /* for CHAR_BIT */
| #define TYPE_MINIMUM(t)   ((t) ((t) 0 < (t) -1 ? (t) 0 : ~ (t) 0 << (sizeof (t) * CHAR_BIT - 1)))
| #define TYPE_MAXIMUM(t)   ((t) ((t) 0 < (t) -1 ? (t) -1 : ~ (~ (t) 0 << (sizeof (t) * CHAR_BIT - 1))))
| struct s {
|   int check_PTRDIFF:
|       PTRDIFF_MIN == TYPE_MINIMUM (ptrdiff_t)
|       && PTRDIFF_MAX == TYPE_MAXIMUM (ptrdiff_t)
|       ? 1 : -1;
|   /* Detect bug in FreeBSD 6.0 / ia64.  */
|   int check_SIG_ATOMIC:
|       SIG_ATOMIC_MIN == TYPE_MINIMUM (sig_atomic_t)
|       && SIG_ATOMIC_MAX == TYPE_MAXIMUM (sig_atomic_t)
|       ? 1 : -1;
|   int check_SIZE: SIZE_MAX == TYPE_MAXIMUM (size_t) ? 1 : -1;
|   int check_WCHAR:
|       WCHAR_MIN == TYPE_MINIMUM (wchar_t)
|       && WCHAR_MAX == TYPE_MAXIMUM (wchar_t)
|       ? 1 : -1;
|   /* Detect bug in mingw.  */
|   int check_WINT:
|       WINT_MIN == TYPE_MINIMUM (wint_t)
|       && WINT_MAX == TYPE_MAXIMUM (wint_t)
|       ? 1 : -1;
| 
|   /* Detect bugs in glibc 2.4 and Solaris 10 stdint.h, among others.  */
|   int check_UINT8_C:
|         (-1 < UINT8_C (0)) == (-1 < (uint_least8_t) 0) ? 1 : -1;
|   int check_UINT16_C:
|         (-1 < UINT16_C (0)) == (-1 < (uint_least16_t) 0) ? 1 : -1;
| 
|   /* Detect bugs in OpenBSD 3.9 stdint.h.  */
| #ifdef UINT8_MAX
|   int check_uint8: (uint8_t) -1 == UINT8_MAX ? 1 : -1;
| #endif
| #ifdef UINT16_MAX
|   int check_uint16: (uint16_t) -1 == UINT16_MAX ? 1 : -1;
| #endif
| #ifdef UINT32_MAX
|   int check_uint32: (uint32_t) -1 == UINT32_MAX ? 1 : -1;
| #endif
| #ifdef UINT64_MAX
|   int check_uint64: (uint64_t) -1 == UINT64_MAX ? 1 : -1;
| #endif
|   int check_uint_least8: (uint_least8_t) -1 == UINT_LEAST8_MAX ? 1 : -1;
|   int check_uint_least16: (uint_least16_t) -1 == UINT_LEAST16_MAX ? 1 : -1;
|   int check_uint_least32: (uint_least32_t) -1 == UINT_LEAST32_MAX ? 1 : -1;
|   int check_uint_least64: (uint_least64_t) -1 == UINT_LEAST64_MAX ? 1 : -1;
|   int check_uint_fast8: (uint_fast8_t) -1 == UINT_FAST8_MAX ? 1 : -1;
|   int check_uint_fast16: (uint_fast16_t) -1 == UINT_FAST16_MAX ? 1 : -1;
|   int check_uint_fast32: (uint_fast32_t) -1 == UINT_FAST32_MAX ? 1 : -1;
|   int check_uint_fast64: (uint_fast64_t) -1 == UINT_FAST64_MAX ? 1 : -1;
|   int check_uintptr: (uintptr_t) -1 == UINTPTR_MAX ? 1 : -1;
|   int check_uintmax: (uintmax_t) -1 == UINTMAX_MAX ? 1 : -1;
|   int check_size: (size_t) -1 == SIZE_MAX ? 1 : -1;
| };
| 
| int
| main ()
| {
| 
|   ;
|   return 0;
| }
configure:23852: result: no
configure:23875: checking sys/inttypes.h usability
configure:23892: gcc -c -g -O2  conftest.c >&5
conftest.c:128:26: sys/inttypes.h: No such file or directory
configure:23899: $? = 1
configure: failed program was:
| /* confdefs.h.  */
| #define PACKAGE_NAME ""
| #define PACKAGE_TARNAME ""
| #define PACKAGE_VERSION ""
| #define PACKAGE_STRING ""
| #define PACKAGE_BUGREPORT ""
| #define PACKAGE "libiconv"
| #define VERSION "1.13"
| #define STDC_HEADERS 1
| #define HAVE_SYS_TYPES_H 1
| #define HAVE_SYS_STAT_H 1
| #define HAVE_STDLIB_H 1
| #define HAVE_STRING_H 1
| #define HAVE_MEMORY_H 1
| #define HAVE_STRINGS_H 1
| #define HAVE_INTTYPES_H 1
| #define HAVE_STDINT_H 1
| #define HAVE_UNISTD_H 1
| #define __EXTENSIONS__ 1
| #define _ALL_SOURCE 1
| #define _GNU_SOURCE 1
| #define _POSIX_PTHREAD_SEMANTICS 1
| #define _TANDEM_SOURCE 1
| #define INSTALLPREFIX "/usr/local"
| #define HAVE_DLFCN_H 1
| #define LT_OBJDIR ".libs/"
| #define HAVE_VISIBILITY 0
| #define HAVE_ICONV 1
| #define ICONV_CONST 
| #define ENABLE_NLS 1
| #define HAVE_GETTEXT 1
| #define HAVE_DCGETTEXT 1
| #define HAVE_MBSTATE_T 1
| #define HAVE_WCHAR_T 1
| #define HAVE_GETC_UNLOCKED 1
| #define HAVE_MBRTOWC 1
| #define HAVE_WCRTOMB 1
| #define HAVE_MBSINIT 1
| #define HAVE_SETLOCALE 1
| #define HAVE_MEMMOVE 1
| #define HAVE_LANGINFO_CODESET 1
| #define HAVE_WCHAR_H 1
| #define WORDS_LITTLEENDIAN 1
| #define HAVE_ALLOCA_H 1
| #define HAVE_ALLOCA 1
| #define HAVE_STDLIB_H 1
| #define HAVE_STRING_H 1
| #define HAVE_SYS_PARAM_H 1
| #define HAVE_UNISTD_H 1
| #define HAVE_ERRNO_H 1
| #define HAVE_SYS_SOCKET_H 1
| #define HAVE_SIGNAL_H 1
| #define HAVE_STDINT_H 1
| #define HAVE_WCHAR_H 1
| #define HAVE_STDIO_H 1
| #define HAVE_DECL_CANONICALIZE_FILE_NAME 1
| #define HAVE_CANONICALIZE_FILE_NAME 1
| #define HAVE_GETCWD 1
| #define HAVE_READLINK 1
| #define HAVE_PATHCONF 1
| #define HAVE_SETENV 1
| #define HAVE_DECL_STRERROR_R 1
| #define HAVE_STRERROR_R 1
| #define STRERROR_R_CHAR_P 1
| #define HAVE_STDLIB_H 1
| #define MALLOC_0_IS_NONNULL 1
| #define HAVE_LONG_LONG_INT 1
| #define HAVE__BOOL 1
| #define HAVE_STDBOOL_H 1
| #define HAVE_UNSIGNED_LONG_LONG_INT 1
| #define restrict __restrict
| #define HAVE_DECL_CLEARERR_UNLOCKED 1
| #define HAVE_DECL_FEOF_UNLOCKED 1
| #define HAVE_DECL_FERROR_UNLOCKED 1
| #define HAVE_DECL_FFLUSH_UNLOCKED 1
| #define HAVE_DECL_FGETS_UNLOCKED 1
| #define HAVE_DECL_FPUTC_UNLOCKED 1
| #define HAVE_DECL_FPUTS_UNLOCKED 1
| #define HAVE_DECL_FREAD_UNLOCKED 1
| #define HAVE_DECL_FWRITE_UNLOCKED 1
| #define HAVE_DECL_GETC_UNLOCKED 1
| #define HAVE_DECL_GETCHAR_UNLOCKED 1
| #define HAVE_DECL_PUTC_UNLOCKED 1
| #define HAVE_DECL_PUTCHAR_UNLOCKED 1
| #define HAVE_WINT_T 1
| #define GNULIB_CANONICALIZE_LGPL 1
| #define HAVE_ENVIRON_DECL 1
| #define HAVE_MALLOC_POSIX 1
| #define HAVE_MBSTATE_T 1
| #define HAVE_MEMMOVE 1
| #define HAVE_SEARCH_H 1
| #define HAVE_TSEARCH 1
| #define GNULIB_SIGPIPE 1
| /* end confdefs.h.  */
| #include <stdio.h>
| #ifdef HAVE_SYS_TYPES_H
| # include <sys/types.h>
| #endif
| #ifdef HAVE_SYS_STAT_H
| # include <sys/stat.h>
| #endif
| #ifdef STDC_HEADERS
| # include <stdlib.h>
| # include <stddef.h>
| #else
| # ifdef HAVE_STDLIB_H
| #  include <stdlib.h>
| # endif
| #endif
| #ifdef HAVE_STRING_H
| # if !defined STDC_HEADERS && defined HAVE_MEMORY_H
| #  include <memory.h>
| # endif
| # include <string.h>
| #endif
| #ifdef HAVE_STRINGS_H
| # include <strings.h>
| #endif
| #ifdef HAVE_INTTYPES_H
| # include <inttypes.h>
| #endif
| #ifdef HAVE_STDINT_H
| # include <stdint.h>
| #endif
| #ifdef HAVE_UNISTD_H
| # include <unistd.h>
| #endif
| #include <sys/inttypes.h>
configure:23913: result: no
configure:23917: checking sys/inttypes.h presence
configure:23932: gcc -E  conftest.c
conftest.c:95:26: sys/inttypes.h: No such file or directory
configure:23939: $? = 1
configure: failed program was:
| /* confdefs.h.  */
| #define PACKAGE_NAME ""
| #define PACKAGE_TARNAME ""
| #define PACKAGE_VERSION ""
| #define PACKAGE_STRING ""
| #define PACKAGE_BUGREPORT ""
| #define PACKAGE "libiconv"
| #define VERSION "1.13"
| #define STDC_HEADERS 1
| #define HAVE_SYS_TYPES_H 1
| #define HAVE_SYS_STAT_H 1
| #define HAVE_STDLIB_H 1
| #define HAVE_STRING_H 1
| #define HAVE_MEMORY_H 1
| #define HAVE_STRINGS_H 1
| #define HAVE_INTTYPES_H 1
| #define HAVE_STDINT_H 1
| #define HAVE_UNISTD_H 1
| #define __EXTENSIONS__ 1
| #define _ALL_SOURCE 1
| #define _GNU_SOURCE 1
| #define _POSIX_PTHREAD_SEMANTICS 1
| #define _TANDEM_SOURCE 1
| #define INSTALLPREFIX "/usr/local"
| #define HAVE_DLFCN_H 1
| #define LT_OBJDIR ".libs/"
| #define HAVE_VISIBILITY 0
| #define HAVE_ICONV 1
| #define ICONV_CONST 
| #define ENABLE_NLS 1
| #define HAVE_GETTEXT 1
| #define HAVE_DCGETTEXT 1
| #define HAVE_MBSTATE_T 1
| #define HAVE_WCHAR_T 1
| #define HAVE_GETC_UNLOCKED 1
| #define HAVE_MBRTOWC 1
| #define HAVE_WCRTOMB 1
| #define HAVE_MBSINIT 1
| #define HAVE_SETLOCALE 1
| #define HAVE_MEMMOVE 1
| #define HAVE_LANGINFO_CODESET 1
| #define HAVE_WCHAR_H 1
| #define WORDS_LITTLEENDIAN 1
| #define HAVE_ALLOCA_H 1
| #define HAVE_ALLOCA 1
| #define HAVE_STDLIB_H 1
| #define HAVE_STRING_H 1
| #define HAVE_SYS_PARAM_H 1
| #define HAVE_UNISTD_H 1
| #define HAVE_ERRNO_H 1
| #define HAVE_SYS_SOCKET_H 1
| #define HAVE_SIGNAL_H 1
| #define HAVE_STDINT_H 1
| #define HAVE_WCHAR_H 1
| #define HAVE_STDIO_H 1
| #define HAVE_DECL_CANONICALIZE_FILE_NAME 1
| #define HAVE_CANONICALIZE_FILE_NAME 1
| #define HAVE_GETCWD 1
| #define HAVE_READLINK 1
| #define HAVE_PATHCONF 1
| #define HAVE_SETENV 1
| #define HAVE_DECL_STRERROR_R 1
| #define HAVE_STRERROR_R 1
| #define STRERROR_R_CHAR_P 1
| #define HAVE_STDLIB_H 1
| #define MALLOC_0_IS_NONNULL 1
| #define HAVE_LONG_LONG_INT 1
| #define HAVE__BOOL 1
| #define HAVE_STDBOOL_H 1
| #define HAVE_UNSIGNED_LONG_LONG_INT 1
| #define restrict __restrict
| #define HAVE_DECL_CLEARERR_UNLOCKED 1
| #define HAVE_DECL_FEOF_UNLOCKED 1
| #define HAVE_DECL_FERROR_UNLOCKED 1
| #define HAVE_DECL_FFLUSH_UNLOCKED 1
| #define HAVE_DECL_FGETS_UNLOCKED 1
| #define HAVE_DECL_FPUTC_UNLOCKED 1
| #define HAVE_DECL_FPUTS_UNLOCKED 1
| #define HAVE_DECL_FREAD_UNLOCKED 1
| #define HAVE_DECL_FWRITE_UNLOCKED 1
| #define HAVE_DECL_GETC_UNLOCKED 1
| #define HAVE_DECL_GETCHAR_UNLOCKED 1
| #define HAVE_DECL_PUTC_UNLOCKED 1
| #define HAVE_DECL_PUTCHAR_UNLOCKED 1
| #define HAVE_WINT_T 1
| #define GNULIB_CANONICALIZE_LGPL 1
| #define HAVE_ENVIRON_DECL 1
| #define HAVE_MALLOC_POSIX 1
| #define HAVE_MBSTATE_T 1
| #define HAVE_MEMMOVE 1
| #define HAVE_SEARCH_H 1
| #define HAVE_TSEARCH 1
| #define GNULIB_SIGPIPE 1
| /* end confdefs.h.  */
| #include <sys/inttypes.h>
configure:23953: result: no
configure:23981: checking for sys/inttypes.h
configure:23990: result: no
configure:23875: checking sys/bitypes.h usability
configure:23892: gcc -c -g -O2  conftest.c >&5
configure:23899: $? = 0
configure:23913: result: yes
configure:23917: checking sys/bitypes.h presence
configure:23932: gcc -E  conftest.c
configure:23939: $? = 0
configure:23953: result: yes
configure:23981: checking for sys/bitypes.h
configure:23990: result: yes
configure:24033: checking for bit size of ptrdiff_t
configure:24394: gcc -o conftest -g -O2   conftest.c  >&5
configure:24398: $? = 0
configure:24404: ./conftest
configure:24408: $? = 0
configure:24428: result: 32
configure:24033: checking for bit size of size_t
configure:24394: gcc -o conftest -g -O2   conftest.c  >&5
configure:24398: $? = 0
configure:24404: ./conftest
configure:24408: $? = 0
configure:24428: result: 32
configure:24450: checking for bit size of sig_atomic_t
configure:24811: gcc -o conftest -g -O2   conftest.c  >&5
configure:24815: $? = 0
configure:24821: ./conftest
configure:24825: $? = 0
configure:24845: result: 32
configure:24450: checking for bit size of wchar_t
configure:24811: gcc -o conftest -g -O2   conftest.c  >&5
configure:24815: $? = 0
configure:24821: ./conftest
configure:24825: $? = 0
configure:24845: result: 32
configure:24450: checking for bit size of wint_t
configure:24811: gcc -o conftest -g -O2   conftest.c  >&5
configure:24815: $? = 0
configure:24821: ./conftest
configure:24825: $? = 0
configure:24845: result: 32
configure:24866: checking whether sig_atomic_t is signed
configure:24903: gcc -c -g -O2  conftest.c >&5
configure:24910: $? = 0
configure:24929: result: yes
configure:24866: checking whether wchar_t is signed
configure:24903: gcc -c -g -O2  conftest.c >&5
configure:24910: $? = 0
configure:24929: result: yes
configure:24866: checking whether wint_t is signed
configure:24903: gcc -c -g -O2  conftest.c >&5
conftest.c:114: error: size of array `verify' is negative
configure:24910: $? = 1
configure: failed program was:
| /* confdefs.h.  */
| #define PACKAGE_NAME ""
| #define PACKAGE_TARNAME ""
| #define PACKAGE_VERSION ""
| #define PACKAGE_STRING ""
| #define PACKAGE_BUGREPORT ""
| #define PACKAGE "libiconv"
| #define VERSION "1.13"
| #define STDC_HEADERS 1
| #define HAVE_SYS_TYPES_H 1
| #define HAVE_SYS_STAT_H 1
| #define HAVE_STDLIB_H 1
| #define HAVE_STRING_H 1
| #define HAVE_MEMORY_H 1
| #define HAVE_STRINGS_H 1
| #define HAVE_INTTYPES_H 1
| #define HAVE_STDINT_H 1
| #define HAVE_UNISTD_H 1
| #define __EXTENSIONS__ 1
| #define _ALL_SOURCE 1
| #define _GNU_SOURCE 1
| #define _POSIX_PTHREAD_SEMANTICS 1
| #define _TANDEM_SOURCE 1
| #define INSTALLPREFIX "/usr/local"
| #define HAVE_DLFCN_H 1
| #define LT_OBJDIR ".libs/"
| #define HAVE_VISIBILITY 0
| #define HAVE_ICONV 1
| #define ICONV_CONST 
| #define ENABLE_NLS 1
| #define HAVE_GETTEXT 1
| #define HAVE_DCGETTEXT 1
| #define HAVE_MBSTATE_T 1
| #define HAVE_WCHAR_T 1
| #define HAVE_GETC_UNLOCKED 1
| #define HAVE_MBRTOWC 1
| #define HAVE_WCRTOMB 1
| #define HAVE_MBSINIT 1
| #define HAVE_SETLOCALE 1
| #define HAVE_MEMMOVE 1
| #define HAVE_LANGINFO_CODESET 1
| #define HAVE_WCHAR_H 1
| #define WORDS_LITTLEENDIAN 1
| #define HAVE_ALLOCA_H 1
| #define HAVE_ALLOCA 1
| #define HAVE_STDLIB_H 1
| #define HAVE_STRING_H 1
| #define HAVE_SYS_PARAM_H 1
| #define HAVE_UNISTD_H 1
| #define HAVE_ERRNO_H 1
| #define HAVE_SYS_SOCKET_H 1
| #define HAVE_SIGNAL_H 1
| #define HAVE_STDINT_H 1
| #define HAVE_WCHAR_H 1
| #define HAVE_STDIO_H 1
| #define HAVE_DECL_CANONICALIZE_FILE_NAME 1
| #define HAVE_CANONICALIZE_FILE_NAME 1
| #define HAVE_GETCWD 1
| #define HAVE_READLINK 1
| #define HAVE_PATHCONF 1
| #define HAVE_SETENV 1
| #define HAVE_DECL_STRERROR_R 1
| #define HAVE_STRERROR_R 1
| #define STRERROR_R_CHAR_P 1
| #define HAVE_STDLIB_H 1
| #define MALLOC_0_IS_NONNULL 1
| #define HAVE_LONG_LONG_INT 1
| #define HAVE__BOOL 1
| #define HAVE_STDBOOL_H 1
| #define HAVE_UNSIGNED_LONG_LONG_INT 1
| #define restrict __restrict
| #define HAVE_DECL_CLEARERR_UNLOCKED 1
| #define HAVE_DECL_FEOF_UNLOCKED 1
| #define HAVE_DECL_FERROR_UNLOCKED 1
| #define HAVE_DECL_FFLUSH_UNLOCKED 1
| #define HAVE_DECL_FGETS_UNLOCKED 1
| #define HAVE_DECL_FPUTC_UNLOCKED 1
| #define HAVE_DECL_FPUTS_UNLOCKED 1
| #define HAVE_DECL_FREAD_UNLOCKED 1
| #define HAVE_DECL_FWRITE_UNLOCKED 1
| #define HAVE_DECL_GETC_UNLOCKED 1
| #define HAVE_DECL_GETCHAR_UNLOCKED 1
| #define HAVE_DECL_PUTC_UNLOCKED 1
| #define HAVE_DECL_PUTCHAR_UNLOCKED 1
| #define HAVE_WINT_T 1
| #define GNULIB_CANONICALIZE_LGPL 1
| #define HAVE_ENVIRON_DECL 1
| #define HAVE_MALLOC_POSIX 1
| #define HAVE_MBSTATE_T 1
| #define HAVE_MEMMOVE 1
| #define HAVE_SEARCH_H 1
| #define HAVE_TSEARCH 1
| #define GNULIB_SIGPIPE 1
| #define HAVE_SYS_BITYPES_H 1
| #define BITSIZEOF_PTRDIFF_T 32
| #define BITSIZEOF_SIZE_T 32
| #define BITSIZEOF_SIG_ATOMIC_T 32
| #define BITSIZEOF_WCHAR_T 32
| #define BITSIZEOF_WINT_T 32
| #define HAVE_SIGNED_SIG_ATOMIC_T 1
| #define HAVE_SIGNED_WCHAR_T 1
| /* end confdefs.h.  */
| 
|   /* BSD/OS 4.0.1 has a bug: <stddef.h>, <stdio.h> and <time.h> must be
|      included before <wchar.h>.  */
|   #include <stddef.h>
|   #include <signal.h>
|   #if HAVE_WCHAR_H
|   # include <stdio.h>
|   # include <time.h>
|   # include <wchar.h>
|   #endif
| 
|             int verify[2 * ((wint_t) -1 < (wint_t) 0) - 1];
| int
| main ()
| {
| 
|   ;
|   return 0;
| }
configure:24929: result: no
configure:24953: checking for ptrdiff_t integer literal suffix
configure:25009: gcc -c -g -O2  conftest.c >&5
configure:25016: $? = 0
configure:25036: result: 
configure:24953: checking for size_t integer literal suffix
configure:25009: gcc -c -g -O2  conftest.c >&5
configure:25016: $? = 0
configure:25036: result: u
configure:25056: checking for sig_atomic_t integer literal suffix
configure:25112: gcc -c -g -O2  conftest.c >&5
configure:25119: $? = 0
configure:25139: result: 
configure:25056: checking for wchar_t integer literal suffix
configure:25112: gcc -c -g -O2  conftest.c >&5
conftest.c:118: error: conflicting types for 'foo'
conftest.c:117: error: previous declaration of 'foo' was here
conftest.c:118: error: conflicting types for 'foo'
conftest.c:117: error: previous declaration of 'foo' was here
configure:25119: $? = 1
configure: failed program was:
| /* confdefs.h.  */
| #define PACKAGE_NAME ""
| #define PACKAGE_TARNAME ""
| #define PACKAGE_VERSION ""
| #define PACKAGE_STRING ""
| #define PACKAGE_BUGREPORT ""
| #define PACKAGE "libiconv"
| #define VERSION "1.13"
| #define STDC_HEADERS 1
| #define HAVE_SYS_TYPES_H 1
| #define HAVE_SYS_STAT_H 1
| #define HAVE_STDLIB_H 1
| #define HAVE_STRING_H 1
| #define HAVE_MEMORY_H 1
| #define HAVE_STRINGS_H 1
| #define HAVE_INTTYPES_H 1
| #define HAVE_STDINT_H 1
| #define HAVE_UNISTD_H 1
| #define __EXTENSIONS__ 1
| #define _ALL_SOURCE 1
| #define _GNU_SOURCE 1
| #define _POSIX_PTHREAD_SEMANTICS 1
| #define _TANDEM_SOURCE 1
| #define INSTALLPREFIX "/usr/local"
| #define HAVE_DLFCN_H 1
| #define LT_OBJDIR ".libs/"
| #define HAVE_VISIBILITY 0
| #define HAVE_ICONV 1
| #define ICONV_CONST 
| #define ENABLE_NLS 1
| #define HAVE_GETTEXT 1
| #define HAVE_DCGETTEXT 1
| #define HAVE_MBSTATE_T 1
| #define HAVE_WCHAR_T 1
| #define HAVE_GETC_UNLOCKED 1
| #define HAVE_MBRTOWC 1
| #define HAVE_WCRTOMB 1
| #define HAVE_MBSINIT 1
| #define HAVE_SETLOCALE 1
| #define HAVE_MEMMOVE 1
| #define HAVE_LANGINFO_CODESET 1
| #define HAVE_WCHAR_H 1
| #define WORDS_LITTLEENDIAN 1
| #define HAVE_ALLOCA_H 1
| #define HAVE_ALLOCA 1
| #define HAVE_STDLIB_H 1
| #define HAVE_STRING_H 1
| #define HAVE_SYS_PARAM_H 1
| #define HAVE_UNISTD_H 1
| #define HAVE_ERRNO_H 1
| #define HAVE_SYS_SOCKET_H 1
| #define HAVE_SIGNAL_H 1
| #define HAVE_STDINT_H 1
| #define HAVE_WCHAR_H 1
| #define HAVE_STDIO_H 1
| #define HAVE_DECL_CANONICALIZE_FILE_NAME 1
| #define HAVE_CANONICALIZE_FILE_NAME 1
| #define HAVE_GETCWD 1
| #define HAVE_READLINK 1
| #define HAVE_PATHCONF 1
| #define HAVE_SETENV 1
| #define HAVE_DECL_STRERROR_R 1
| #define HAVE_STRERROR_R 1
| #define STRERROR_R_CHAR_P 1
| #define HAVE_STDLIB_H 1
| #define MALLOC_0_IS_NONNULL 1
| #define HAVE_LONG_LONG_INT 1
| #define HAVE__BOOL 1
| #define HAVE_STDBOOL_H 1
| #define HAVE_UNSIGNED_LONG_LONG_INT 1
| #define restrict __restrict
| #define HAVE_DECL_CLEARERR_UNLOCKED 1
| #define HAVE_DECL_FEOF_UNLOCKED 1
| #define HAVE_DECL_FERROR_UNLOCKED 1
| #define HAVE_DECL_FFLUSH_UNLOCKED 1
| #define HAVE_DECL_FGETS_UNLOCKED 1
| #define HAVE_DECL_FPUTC_UNLOCKED 1
| #define HAVE_DECL_FPUTS_UNLOCKED 1
| #define HAVE_DECL_FREAD_UNLOCKED 1
| #define HAVE_DECL_FWRITE_UNLOCKED 1
| #define HAVE_DECL_GETC_UNLOCKED 1
| #define HAVE_DECL_GETCHAR_UNLOCKED 1
| #define HAVE_DECL_PUTC_UNLOCKED 1
| #define HAVE_DECL_PUTCHAR_UNLOCKED 1
| #define HAVE_WINT_T 1
| #define GNULIB_CANONICALIZE_LGPL 1
| #define HAVE_ENVIRON_DECL 1
| #define HAVE_MALLOC_POSIX 1
| #define HAVE_MBSTATE_T 1
| #define HAVE_MEMMOVE 1
| #define HAVE_SEARCH_H 1
| #define HAVE_TSEARCH 1
| #define GNULIB_SIGPIPE 1
| #define HAVE_SYS_BITYPES_H 1
| #define BITSIZEOF_PTRDIFF_T 32
| #define BITSIZEOF_SIZE_T 32
| #define BITSIZEOF_SIG_ATOMIC_T 32
| #define BITSIZEOF_WCHAR_T 32
| #define BITSIZEOF_WINT_T 32
| #define HAVE_SIGNED_SIG_ATOMIC_T 1
| #define HAVE_SIGNED_WCHAR_T 1
| #define PTRDIFF_T_SUFFIX 
| #define SIZE_T_SUFFIX u
| #define SIG_ATOMIC_T_SUFFIX 
| /* end confdefs.h.  */
| 
|   /* BSD/OS 4.0.1 has a bug: <stddef.h>, <stdio.h> and <time.h> must be
|      included before <wchar.h>.  */
|   #include <stddef.h>
|   #include <signal.h>
|   #if HAVE_WCHAR_H
|   # include <stdio.h>
|   # include <time.h>
|   # include <wchar.h>
|   #endif
| 
|               extern wchar_t foo;
|               extern int foo;
| int
| main ()
| {
| 
|   ;
|   return 0;
| }
configure:25112: gcc -c -g -O2  conftest.c >&5
configure:25119: $? = 0
configure:25139: result: l
configure:25056: checking for wint_t integer literal suffix
configure:25112: gcc -c -g -O2  conftest.c >&5
configure:25119: $? = 0
configure:25139: result: u
configure:25300: checking for random.h
configure:25321: gcc -c -g -O2  conftest.c >&5
conftest.c:142:20: random.h: No such file or directory
configure:25328: $? = 1
configure: failed program was:
| /* confdefs.h.  */
| #define PACKAGE_NAME ""
| #define PACKAGE_TARNAME ""
| #define PACKAGE_VERSION ""
| #define PACKAGE_STRING ""
| #define PACKAGE_BUGREPORT ""
| #define PACKAGE "libiconv"
| #define VERSION "1.13"
| #define STDC_HEADERS 1
| #define HAVE_SYS_TYPES_H 1
| #define HAVE_SYS_STAT_H 1
| #define HAVE_STDLIB_H 1
| #define HAVE_STRING_H 1
| #define HAVE_MEMORY_H 1
| #define HAVE_STRINGS_H 1
| #define HAVE_INTTYPES_H 1
| #define HAVE_STDINT_H 1
| #define HAVE_UNISTD_H 1
| #define __EXTENSIONS__ 1
| #define _ALL_SOURCE 1
| #define _GNU_SOURCE 1
| #define _POSIX_PTHREAD_SEMANTICS 1
| #define _TANDEM_SOURCE 1
| #define INSTALLPREFIX "/usr/local"
| #define HAVE_DLFCN_H 1
| #define LT_OBJDIR ".libs/"
| #define HAVE_VISIBILITY 0
| #define HAVE_ICONV 1
| #define ICONV_CONST 
| #define ENABLE_NLS 1
| #define HAVE_GETTEXT 1
| #define HAVE_DCGETTEXT 1
| #define HAVE_MBSTATE_T 1
| #define HAVE_WCHAR_T 1
| #define HAVE_GETC_UNLOCKED 1
| #define HAVE_MBRTOWC 1
| #define HAVE_WCRTOMB 1
| #define HAVE_MBSINIT 1
| #define HAVE_SETLOCALE 1
| #define HAVE_MEMMOVE 1
| #define HAVE_LANGINFO_CODESET 1
| #define HAVE_WCHAR_H 1
| #define WORDS_LITTLEENDIAN 1
| #define HAVE_ALLOCA_H 1
| #define HAVE_ALLOCA 1
| #define HAVE_STDLIB_H 1
| #define HAVE_STRING_H 1
| #define HAVE_SYS_PARAM_H 1
| #define HAVE_UNISTD_H 1
| #define HAVE_ERRNO_H 1
| #define HAVE_SYS_SOCKET_H 1
| #define HAVE_SIGNAL_H 1
| #define HAVE_STDINT_H 1
| #define HAVE_WCHAR_H 1
| #define HAVE_STDIO_H 1
| #define HAVE_DECL_CANONICALIZE_FILE_NAME 1
| #define HAVE_CANONICALIZE_FILE_NAME 1
| #define HAVE_GETCWD 1
| #define HAVE_READLINK 1
| #define HAVE_PATHCONF 1
| #define HAVE_SETENV 1
| #define HAVE_DECL_STRERROR_R 1
| #define HAVE_STRERROR_R 1
| #define STRERROR_R_CHAR_P 1
| #define HAVE_STDLIB_H 1
| #define MALLOC_0_IS_NONNULL 1
| #define HAVE_LONG_LONG_INT 1
| #define HAVE__BOOL 1
| #define HAVE_STDBOOL_H 1
| #define HAVE_UNSIGNED_LONG_LONG_INT 1
| #define restrict __restrict
| #define HAVE_DECL_CLEARERR_UNLOCKED 1
| #define HAVE_DECL_FEOF_UNLOCKED 1
| #define HAVE_DECL_FERROR_UNLOCKED 1
| #define HAVE_DECL_FFLUSH_UNLOCKED 1
| #define HAVE_DECL_FGETS_UNLOCKED 1
| #define HAVE_DECL_FPUTC_UNLOCKED 1
| #define HAVE_DECL_FPUTS_UNLOCKED 1
| #define HAVE_DECL_FREAD_UNLOCKED 1
| #define HAVE_DECL_FWRITE_UNLOCKED 1
| #define HAVE_DECL_GETC_UNLOCKED 1
| #define HAVE_DECL_GETCHAR_UNLOCKED 1
| #define HAVE_DECL_PUTC_UNLOCKED 1
| #define HAVE_DECL_PUTCHAR_UNLOCKED 1
| #define HAVE_WINT_T 1
| #define GNULIB_CANONICALIZE_LGPL 1
| #define HAVE_ENVIRON_DECL 1
| #define HAVE_MALLOC_POSIX 1
| #define HAVE_MBSTATE_T 1
| #define HAVE_MEMMOVE 1
| #define HAVE_SEARCH_H 1
| #define HAVE_TSEARCH 1
| #define GNULIB_SIGPIPE 1
| #define HAVE_SYS_BITYPES_H 1
| #define BITSIZEOF_PTRDIFF_T 32
| #define BITSIZEOF_SIZE_T 32
| #define BITSIZEOF_SIG_ATOMIC_T 32
| #define BITSIZEOF_WCHAR_T 32
| #define BITSIZEOF_WINT_T 32
| #define HAVE_SIGNED_SIG_ATOMIC_T 1
| #define HAVE_SIGNED_WCHAR_T 1
| #define PTRDIFF_T_SUFFIX 
| #define SIZE_T_SUFFIX u
| #define SIG_ATOMIC_T_SUFFIX 
| #define WCHAR_T_SUFFIX l
| #define WINT_T_SUFFIX u
| /* end confdefs.h.  */
| #include <stdio.h>
| #ifdef HAVE_SYS_TYPES_H
| # include <sys/types.h>
| #endif
| #ifdef HAVE_SYS_STAT_H
| # include <sys/stat.h>
| #endif
| #ifdef STDC_HEADERS
| # include <stdlib.h>
| # include <stddef.h>
| #else
| # ifdef HAVE_STDLIB_H
| #  include <stdlib.h>
| # endif
| #endif
| #ifdef HAVE_STRING_H
| # if !defined STDC_HEADERS && defined HAVE_MEMORY_H
| #  include <memory.h>
| # endif
| # include <string.h>
| #endif
| #ifdef HAVE_STRINGS_H
| # include <strings.h>
| #endif
| #ifdef HAVE_INTTYPES_H
| # include <inttypes.h>
| #endif
| #ifdef HAVE_STDINT_H
| # include <stdint.h>
| #endif
| #ifdef HAVE_UNISTD_H
| # include <unistd.h>
| #endif
| 
| #include <random.h>
configure:25345: result: no
configure:25364: checking for struct random_data
configure:25397: gcc -c -g -O2  conftest.c >&5
configure:25404: $? = 0
configure:25436: gcc -c -g -O2  conftest.c >&5
conftest.c: In function `main':
conftest.c:117: error: parse error before ')' token
configure:25443: $? = 1
configure: failed program was:
| /* confdefs.h.  */
| #define PACKAGE_NAME ""
| #define PACKAGE_TARNAME ""
| #define PACKAGE_VERSION ""
| #define PACKAGE_STRING ""
| #define PACKAGE_BUGREPORT ""
| #define PACKAGE "libiconv"
| #define VERSION "1.13"
| #define STDC_HEADERS 1
| #define HAVE_SYS_TYPES_H 1
| #define HAVE_SYS_STAT_H 1
| #define HAVE_STDLIB_H 1
| #define HAVE_STRING_H 1
| #define HAVE_MEMORY_H 1
| #define HAVE_STRINGS_H 1
| #define HAVE_INTTYPES_H 1
| #define HAVE_STDINT_H 1
| #define HAVE_UNISTD_H 1
| #define __EXTENSIONS__ 1
| #define _ALL_SOURCE 1
| #define _GNU_SOURCE 1
| #define _POSIX_PTHREAD_SEMANTICS 1
| #define _TANDEM_SOURCE 1
| #define INSTALLPREFIX "/usr/local"
| #define HAVE_DLFCN_H 1
| #define LT_OBJDIR ".libs/"
| #define HAVE_VISIBILITY 0
| #define HAVE_ICONV 1
| #define ICONV_CONST 
| #define ENABLE_NLS 1
| #define HAVE_GETTEXT 1
| #define HAVE_DCGETTEXT 1
| #define HAVE_MBSTATE_T 1
| #define HAVE_WCHAR_T 1
| #define HAVE_GETC_UNLOCKED 1
| #define HAVE_MBRTOWC 1
| #define HAVE_WCRTOMB 1
| #define HAVE_MBSINIT 1
| #define HAVE_SETLOCALE 1
| #define HAVE_MEMMOVE 1
| #define HAVE_LANGINFO_CODESET 1
| #define HAVE_WCHAR_H 1
| #define WORDS_LITTLEENDIAN 1
| #define HAVE_ALLOCA_H 1
| #define HAVE_ALLOCA 1
| #define HAVE_STDLIB_H 1
| #define HAVE_STRING_H 1
| #define HAVE_SYS_PARAM_H 1
| #define HAVE_UNISTD_H 1
| #define HAVE_ERRNO_H 1
| #define HAVE_SYS_SOCKET_H 1
| #define HAVE_SIGNAL_H 1
| #define HAVE_STDINT_H 1
| #define HAVE_WCHAR_H 1
| #define HAVE_STDIO_H 1
| #define HAVE_DECL_CANONICALIZE_FILE_NAME 1
| #define HAVE_CANONICALIZE_FILE_NAME 1
| #define HAVE_GETCWD 1
| #define HAVE_READLINK 1
| #define HAVE_PATHCONF 1
| #define HAVE_SETENV 1
| #define HAVE_DECL_STRERROR_R 1
| #define HAVE_STRERROR_R 1
| #define STRERROR_R_CHAR_P 1
| #define HAVE_STDLIB_H 1
| #define MALLOC_0_IS_NONNULL 1
| #define HAVE_LONG_LONG_INT 1
| #define HAVE__BOOL 1
| #define HAVE_STDBOOL_H 1
| #define HAVE_UNSIGNED_LONG_LONG_INT 1
| #define restrict __restrict
| #define HAVE_DECL_CLEARERR_UNLOCKED 1
| #define HAVE_DECL_FEOF_UNLOCKED 1
| #define HAVE_DECL_FERROR_UNLOCKED 1
| #define HAVE_DECL_FFLUSH_UNLOCKED 1
| #define HAVE_DECL_FGETS_UNLOCKED 1
| #define HAVE_DECL_FPUTC_UNLOCKED 1
| #define HAVE_DECL_FPUTS_UNLOCKED 1
| #define HAVE_DECL_FREAD_UNLOCKED 1
| #define HAVE_DECL_FWRITE_UNLOCKED 1
| #define HAVE_DECL_GETC_UNLOCKED 1
| #define HAVE_DECL_GETCHAR_UNLOCKED 1
| #define HAVE_DECL_PUTC_UNLOCKED 1
| #define HAVE_DECL_PUTCHAR_UNLOCKED 1
| #define HAVE_WINT_T 1
| #define GNULIB_CANONICALIZE_LGPL 1
| #define HAVE_ENVIRON_DECL 1
| #define HAVE_MALLOC_POSIX 1
| #define HAVE_MBSTATE_T 1
| #define HAVE_MEMMOVE 1
| #define HAVE_SEARCH_H 1
| #define HAVE_TSEARCH 1
| #define GNULIB_SIGPIPE 1
| #define HAVE_SYS_BITYPES_H 1
| #define BITSIZEOF_PTRDIFF_T 32
| #define BITSIZEOF_SIZE_T 32
| #define BITSIZEOF_SIG_ATOMIC_T 32
| #define BITSIZEOF_WCHAR_T 32
| #define BITSIZEOF_WINT_T 32
| #define HAVE_SIGNED_SIG_ATOMIC_T 1
| #define HAVE_SIGNED_WCHAR_T 1
| #define PTRDIFF_T_SUFFIX 
| #define SIZE_T_SUFFIX u
| #define SIG_ATOMIC_T_SUFFIX 
| #define WCHAR_T_SUFFIX l
| #define WINT_T_SUFFIX u
| /* end confdefs.h.  */
| #include <stdlib.h>
|       #if HAVE_RANDOM_H
|       # include <random.h>
|       #endif
| 
| 
| int
| main ()
| {
| if (sizeof ((struct random_data)))
| 	  return 0;
|   ;
|   return 0;
| }
configure:25466: result: yes
configure:25641: checking whether <wchar.h> is standalone
configure:25678: result: yes
configure:26107: creating ./config.status

## ---------------------- ##
## Running config.status. ##
## ---------------------- ##

This file was extended by config.status, which was
generated by GNU Autoconf 2.63.  Invocation command line was

  CONFIG_FILES    = 
  CONFIG_HEADERS  = 
  CONFIG_LINKS    = 
  CONFIG_COMMANDS = 
  $ ./config.status 

on widget1

config.status:1482: creating Makefile
config.status:1482: creating lib/Makefile
config.status:1482: creating srclib/Makefile
config.status:1482: creating src/Makefile
config.status:1482: creating po/Makefile.in
config.status:1482: creating man/Makefile
config.status:1482: creating tests/Makefile
config.status:1482: creating include/iconv.h
config.status:1482: creating include/iconv.h.inst
config.status:1482: creating config.h
config.status:1482: creating lib/config.h
config.status:1756: executing depfiles commands
config.status:1756: executing libtool commands
config.status:1756: executing po-directories commands
configure:28644: === configuring in libcharset (/home/hoffman/DEV/internal/osiris/libiconv-1.13/libcharset)
configure:28747: running /bin/sh ./configure --disable-option-checking '--prefix=/usr/local'  --cache-file=/dev/null --srcdir=.
configure:28644: === configuring in preload (/home/hoffman/DEV/internal/osiris/libiconv-1.13/preload)
configure:28747: running /bin/sh ./configure --disable-option-checking '--prefix=/usr/local'  --cache-file=/dev/null --srcdir=.

## ---------------- ##
## Cache variables. ##
## ---------------- ##

ac_cv_build=i686-pc-linux-gnu
ac_cv_c_compiler_gnu=yes
ac_cv_c_restrict=__restrict
ac_cv_decl_EILSEQ=yes
ac_cv_env_CC_set=
ac_cv_env_CC_value=
ac_cv_env_CFLAGS_set=
ac_cv_env_CFLAGS_value=
ac_cv_env_CPPFLAGS_set=
ac_cv_env_CPPFLAGS_value=
ac_cv_env_CPP_set=
ac_cv_env_CPP_value=
ac_cv_env_LDFLAGS_set=
ac_cv_env_LDFLAGS_value=
ac_cv_env_LIBS_set=
ac_cv_env_LIBS_value=
ac_cv_env_build_alias_set=
ac_cv_env_build_alias_value=
ac_cv_env_host_alias_set=
ac_cv_env_host_alias_value=
ac_cv_env_target_alias_set=
ac_cv_env_target_alias_value=
ac_cv_func_alloca_works=yes
ac_cv_func_canonicalize_file_name=yes
ac_cv_func_getc_unlocked=yes
ac_cv_func_getcwd=yes
ac_cv_func_malloc_0_nonnull=yes
ac_cv_func_mbrtowc=yes
ac_cv_func_mbsinit=yes
ac_cv_func_memmove=yes
ac_cv_func_pathconf=yes
ac_cv_func_readlink=yes
ac_cv_func_setenv=yes
ac_cv_func_setlocale=yes
ac_cv_func_sigprocmask=yes
ac_cv_func_strerror_r=yes
ac_cv_func_strerror_r_char_p=yes
ac_cv_func_tsearch=yes
ac_cv_func_wcrtomb=yes
ac_cv_have_decl_canonicalize_file_name=yes
ac_cv_have_decl_clearerr_unlocked=yes
ac_cv_have_decl_feof_unlocked=yes
ac_cv_have_decl_ferror_unlocked=yes
ac_cv_have_decl_fflush_unlocked=yes
ac_cv_have_decl_fgets_unlocked=yes
ac_cv_have_decl_fputc_unlocked=yes
ac_cv_have_decl_fputs_unlocked=yes
ac_cv_have_decl_fread_unlocked=yes
ac_cv_have_decl_fwrite_unlocked=yes
ac_cv_have_decl_getc_unlocked=yes
ac_cv_have_decl_getchar_unlocked=yes
ac_cv_have_decl_putc_unlocked=yes
ac_cv_have_decl_putchar_unlocked=yes
ac_cv_have_decl_strerror_r=yes
ac_cv_header_dlfcn_h=yes
ac_cv_header_errno_h=yes
ac_cv_header_inttypes_h=yes
ac_cv_header_memory_h=yes
ac_cv_header_minix_config_h=no
ac_cv_header_random_h=no
ac_cv_header_search_h=yes
ac_cv_header_signal_h=yes
ac_cv_header_stdbool_h=yes
ac_cv_header_stdc=yes
ac_cv_header_stdint_h=yes
ac_cv_header_stdio_h=yes
ac_cv_header_stdlib_h=yes
ac_cv_header_string_h=yes
ac_cv_header_strings_h=yes
ac_cv_header_sys_bitypes_h=yes
ac_cv_header_sys_inttypes_h=no
ac_cv_header_sys_param_h=yes
ac_cv_header_sys_socket_h=yes
ac_cv_header_sys_stat_h=yes
ac_cv_header_sys_types_h=yes
ac_cv_header_unistd_h=yes
ac_cv_header_wchar_h=yes
ac_cv_host=i686-pc-linux-gnu
ac_cv_lib_error_at_line=yes
ac_cv_objext=o
ac_cv_path_EGREP='/usr/bin/grep -E'
ac_cv_path_FGREP='/usr/bin/grep -F'
ac_cv_path_GMSGFMT=/usr/bin/msgfmt
ac_cv_path_GREP=/usr/bin/grep
ac_cv_path_MSGFMT=/usr/bin/msgfmt
ac_cv_path_MSGMERGE=/usr/bin/msgmerge
ac_cv_path_SED=/usr/bin/sed
ac_cv_path_STRIP=/usr/bin/strip
ac_cv_path_XGETTEXT=/usr/bin/xgettext
ac_cv_path_install='/usr/bin/install -c'
ac_cv_path_mkdir=/usr/bin/mkdir
ac_cv_prog_AWK=gawk
ac_cv_prog_CPP='gcc -E'
ac_cv_prog_ac_ct_AR=ar
ac_cv_prog_ac_ct_CC=gcc
ac_cv_prog_ac_ct_OBJDUMP=objdump
ac_cv_prog_ac_ct_RANLIB=ranlib
ac_cv_prog_ac_ct_STRIP=/usr/bin/strip
ac_cv_prog_cc_c89=
ac_cv_prog_cc_g=yes
ac_cv_prog_cc_gcc_c_o=yes
ac_cv_prog_make_make_set=yes
ac_cv_safe_to_define___extensions__=yes
ac_cv_type__Bool=yes
ac_cv_type_long_long_int=yes
ac_cv_type_mbstate_t=yes
ac_cv_type_struct_random_data=yes
ac_cv_type_unsigned_long_long_int=yes
ac_cv_type_volatile_sig_atomic_t=yes
ac_cv_working_alloca_h=yes
acl_cv_hardcode_direct=no
acl_cv_hardcode_libdir_flag_spec='${wl}-rpath ${wl}$libdir'
acl_cv_hardcode_libdir_separator=
acl_cv_hardcode_minus_L=no
acl_cv_libext=a
acl_cv_libname_spec='lib$name'
acl_cv_libpath=LD_LIBRARY_PATH
acl_cv_library_names_spec='$libname$shrext'
acl_cv_path_LD=/usr/bin/ld
acl_cv_prog_gnu_ld=yes
acl_cv_rpath=done
acl_cv_shlibext=so
acl_cv_shlibpath_var=LD_LIBRARY_PATH
acl_cv_wl=-Wl,
am_cv_CC_dependencies_compiler_type=none
am_cv_func_iconv=yes
am_cv_func_iconv_works=yes
am_cv_langinfo_codeset=yes
am_cv_lib_iconv=no
am_cv_proto_iconv='extern size_t iconv (iconv_t cd, char * *inbuf, size_t *inbytesleft, char * *outbuf, size_t *outbytesleft);'
am_cv_proto_iconv_arg1=
cl_cv_prog_LN=ln
cl_cv_prog_cp='cp -p'
cl_cv_sys_endian='little endian'
gl_cv_bitsizeof_ptrdiff_t=32
gl_cv_bitsizeof_sig_atomic_t=32
gl_cv_bitsizeof_size_t=32
gl_cv_bitsizeof_wchar_t=32
gl_cv_bitsizeof_wint_t=32
gl_cv_c_multiarch=no
gl_cv_cc_visibility=no
gl_cv_func_malloc_0_nonnull=1
gl_cv_func_malloc_posix=yes
gl_cv_func_sigprocmask=1
gl_cv_func_working_strerror=yes
gl_cv_have_include_next=yes
gl_cv_header_errno_h_complete=yes
gl_cv_header_signal_h_SIGPIPE=yes
gl_cv_header_wchar_h_standalone=yes
gl_cv_header_working_stdint_h=no
gl_cv_next_signal_h='<signal.h>'
gl_cv_next_stdint_h='<stdint.h>'
gl_cv_next_stdio_h='<stdio.h>'
gl_cv_next_stdlib_h='<stdlib.h>'
gl_cv_next_string_h='<string.h>'
gl_cv_next_unistd_h='<unistd.h>'
gl_cv_next_wchar_h='<wchar.h>'
gl_cv_type_ptrdiff_t_signed=yes
gl_cv_type_ptrdiff_t_suffix=
gl_cv_type_sig_atomic_t_signed=yes
gl_cv_type_sig_atomic_t_suffix=
gl_cv_type_size_t_signed=no
gl_cv_type_size_t_suffix=u
gl_cv_type_wchar_t_signed=yes
gl_cv_type_wchar_t_suffix=l
gl_cv_type_wint_t_signed=no
gl_cv_type_wint_t_suffix=u
gt_cv_c_wchar_t=yes
gt_cv_c_wint_t=yes
gt_cv_func_CFLocaleCopyCurrent=no
gt_cv_func_CFPreferencesCopyAppValue=no
gt_cv_func_gnugettext2_libc=yes
gt_cv_ssize_t=yes
gt_cv_var_environ_declaration=yes
lt_cv_deplibs_check_method=pass_all
lt_cv_file_magic_cmd='$MAGIC_CMD'
lt_cv_file_magic_test_file=
lt_cv_ld_reload_flag=-r
lt_cv_nm_interface='BSD nm'
lt_cv_objdir=.libs
lt_cv_path_LD=/usr/bin/ld
lt_cv_path_NM='/usr/bin/nm -B'
lt_cv_prog_compiler_c_o=yes
lt_cv_prog_compiler_c_o_RC=yes
lt_cv_prog_compiler_pic_works=yes
lt_cv_prog_compiler_rtti_exceptions=no
lt_cv_prog_compiler_static_works=yes
lt_cv_prog_gnu_ld=yes
lt_cv_sys_global_symbol_pipe='sed -n -e '\''s/^.*[	 ]\([ABCDGIRSTW][ABCDGIRSTW]*\)[	 ][	 ]*\([_A-Za-z][_A-Za-z0-9]*\)$/\1 \2 \2/p'\'''
lt_cv_sys_global_symbol_to_c_name_address='sed -n -e '\''s/^: \([^ ]*\) $/  {\"\1\", (void *) 0},/p'\'' -e '\''s/^[ABCDGIRSTW]* \([^ ]*\) \([^ ]*\)$/  {"\2", (void *) \&\2},/p'\'''
lt_cv_sys_global_symbol_to_c_name_address_lib_prefix='sed -n -e '\''s/^: \([^ ]*\) $/  {\"\1\", (void *) 0},/p'\'' -e '\''s/^[ABCDGIRSTW]* \([^ ]*\) \(lib[^ ]*\)$/  {"\2", (void *) \&\2},/p'\'' -e '\''s/^[ABCDGIRSTW]* \([^ ]*\) \([^ ]*\)$/  {"lib\2", (void *) \&\2},/p'\'''
lt_cv_sys_global_symbol_to_cdecl='sed -n -e '\''s/^T .* \(.*\)$/extern int \1();/p'\'' -e '\''s/^[ABCDGIRSTW]* .* \(.*\)$/extern char \1;/p'\'''
lt_cv_sys_max_cmd_len=98304

## ----------------- ##
## Output variables. ##
## ----------------- ##

ACLOCAL='${SHELL} /home/hoffman/DEV/internal/osiris/libiconv-1.13/build-aux/missing --run aclocal-1.10'
ALLOCA=''
ALLOCA_H='alloca.h'
AMDEPBACKSLASH='\'
AMDEP_FALSE='#'
AMDEP_TRUE=''
AMTAR='${SHELL} /home/hoffman/DEV/internal/osiris/libiconv-1.13/build-aux/missing --run tar'
APPLE_UNIVERSAL_BUILD='0'
AR='ar'
AS='as'
AUTOCONF='${SHELL} /home/hoffman/DEV/internal/osiris/libiconv-1.13/build-aux/missing --run autoconf'
AUTOHEADER='${SHELL} /home/hoffman/DEV/internal/osiris/libiconv-1.13/build-aux/missing --run autoheader'
AUTOMAKE='${SHELL} /home/hoffman/DEV/internal/osiris/libiconv-1.13/build-aux/missing --run automake-1.10'
AWK='gawk'
BITSIZEOF_PTRDIFF_T='32'
BITSIZEOF_SIG_ATOMIC_T='32'
BITSIZEOF_SIZE_T='32'
BITSIZEOF_WCHAR_T='32'
BITSIZEOF_WINT_T='32'
BROKEN_WCHAR_H='0'
CC='gcc'
CCDEPMODE='depmode=none'
CFLAGS='-g -O2'
CFLAG_VISIBILITY=''
CP='cp -p'
CPP='gcc -E'
CPPFLAGS=''
CYGPATH_W='echo'
DEFS='-DHAVE_CONFIG_H'
DEPDIR='.deps'
DLLTOOL='dlltool'
DLL_VARIABLE=''
DSYMUTIL=''
DUMPBIN=''
ECHO_C=''
ECHO_N='-n'
ECHO_T=''
EGREP='/usr/bin/grep -E'
EILSEQ=''
EMULTIHOP_HIDDEN=''
EMULTIHOP_VALUE=''
ENOLINK_HIDDEN=''
ENOLINK_VALUE=''
EOVERFLOW_HIDDEN=''
EOVERFLOW_VALUE=''
ERRNO_H=''
EXEEXT=''
FGREP='/usr/bin/grep -F'
GETTEXT_MACRO_VERSION='0.17'
GL_COND_LIBTOOL_FALSE=''
GL_COND_LIBTOOL_TRUE='#'
GMSGFMT='/usr/bin/msgfmt'
GMSGFMT_015=':'
GNULIB_ATOLL='0'
GNULIB_BTOWC='0'
GNULIB_CALLOC_POSIX='0'
GNULIB_CHOWN='0'
GNULIB_CLOSE='0'
GNULIB_DPRINTF='0'
GNULIB_DUP2='0'
GNULIB_ENVIRON='1'
GNULIB_EUIDACCESS='0'
GNULIB_FCHDIR='0'
GNULIB_FCLOSE='0'
GNULIB_FFLUSH='0'
GNULIB_FOPEN='0'
GNULIB_FPRINTF='1'
GNULIB_FPRINTF_POSIX='0'
GNULIB_FPUTC='1'
GNULIB_FPUTS='1'
GNULIB_FREOPEN='0'
GNULIB_FSEEK='0'
GNULIB_FSEEKO='0'
GNULIB_FSYNC='0'
GNULIB_FTELL='0'
GNULIB_FTELLO='0'
GNULIB_FTRUNCATE='0'
GNULIB_FWRITE='1'
GNULIB_GETCWD='0'
GNULIB_GETDELIM='0'
GNULIB_GETDOMAINNAME='0'
GNULIB_GETDTABLESIZE='0'
GNULIB_GETHOSTNAME='0'
GNULIB_GETLINE='0'
GNULIB_GETLOADAVG='0'
GNULIB_GETLOGIN_R='0'
GNULIB_GETPAGESIZE='0'
GNULIB_GETSUBOPT='0'
GNULIB_GETUSERSHELL='0'
GNULIB_LCHOWN='0'
GNULIB_LINK='0'
GNULIB_LSEEK='0'
GNULIB_MALLOC_POSIX='1'
GNULIB_MBRLEN='0'
GNULIB_MBRTOWC='0'
GNULIB_MBSCASECMP='0'
GNULIB_MBSCASESTR='0'
GNULIB_MBSCHR='0'
GNULIB_MBSCSPN='0'
GNULIB_MBSINIT='0'
GNULIB_MBSLEN='0'
GNULIB_MBSNCASECMP='0'
GNULIB_MBSNLEN='0'
GNULIB_MBSNRTOWCS='0'
GNULIB_MBSPBRK='0'
GNULIB_MBSPCASECMP='0'
GNULIB_MBSRCHR='0'
GNULIB_MBSRTOWCS='0'
GNULIB_MBSSEP='0'
GNULIB_MBSSPN='0'
GNULIB_MBSSTR='0'
GNULIB_MBSTOK_R='0'
GNULIB_MEMMEM='0'
GNULIB_MEMPCPY='0'
GNULIB_MEMRCHR='0'
GNULIB_MKDTEMP='0'
GNULIB_MKSTEMP='0'
GNULIB_OBSTACK_PRINTF='0'
GNULIB_OBSTACK_PRINTF_POSIX='0'
GNULIB_PERROR='0'
GNULIB_PRINTF='1'
GNULIB_PRINTF_POSIX='0'
GNULIB_PUTC='1'
GNULIB_PUTCHAR='1'
GNULIB_PUTENV='0'
GNULIB_PUTS='1'
GNULIB_RANDOM_R='0'
GNULIB_RAWMEMCHR='0'
GNULIB_READLINK='1'
GNULIB_REALLOC_POSIX='0'
GNULIB_RPMATCH='0'
GNULIB_SETENV='0'
GNULIB_SIGACTION='0'
GNULIB_SIGNAL_H_SIGPIPE='1'
GNULIB_SIGPROCMASK='1'
GNULIB_SLEEP='0'
GNULIB_SNPRINTF='0'
GNULIB_SPRINTF_POSIX='0'
GNULIB_STDIO_H_SIGPIPE='1'
GNULIB_STPCPY='0'
GNULIB_STPNCPY='0'
GNULIB_STRCASESTR='0'
GNULIB_STRCHRNUL='0'
GNULIB_STRDUP='0'
GNULIB_STRERROR='1'
GNULIB_STRNDUP='0'
GNULIB_STRNLEN='0'
GNULIB_STRPBRK='0'
GNULIB_STRSEP='0'
GNULIB_STRSIGNAL='0'
GNULIB_STRSTR='0'
GNULIB_STRTOD='0'
GNULIB_STRTOK_R='0'
GNULIB_STRTOLL='0'
GNULIB_STRTOULL='0'
GNULIB_STRVERSCMP='0'
GNULIB_UNISTD_H_SIGPIPE='1'
GNULIB_UNSETENV='0'
GNULIB_VASPRINTF='0'
GNULIB_VDPRINTF='0'
GNULIB_VFPRINTF='1'
GNULIB_VFPRINTF_POSIX='0'
GNULIB_VPRINTF='1'
GNULIB_VPRINTF_POSIX='0'
GNULIB_VSNPRINTF='0'
GNULIB_VSPRINTF_POSIX='0'
GNULIB_WCRTOMB='0'
GNULIB_WCSNRTOMBS='0'
GNULIB_WCSRTOMBS='0'
GNULIB_WCTOB='0'
GNULIB_WCWIDTH='0'
GNULIB_WRITE='0'
GREP='/usr/bin/grep'
HAVE_ATOLL='1'
HAVE_BTOWC='1'
HAVE_CALLOC_POSIX='1'
HAVE_DECL_ENVIRON='1'
HAVE_DECL_GETDELIM='1'
HAVE_DECL_GETLINE='1'
HAVE_DECL_GETLOADAVG='1'
HAVE_DECL_GETLOGIN_R='1'
HAVE_DECL_MEMMEM='1'
HAVE_DECL_MEMRCHR='1'
HAVE_DECL_OBSTACK_PRINTF='1'
HAVE_DECL_SNPRINTF='1'
HAVE_DECL_STRDUP='1'
HAVE_DECL_STRERROR='1'
HAVE_DECL_STRNDUP='1'
HAVE_DECL_STRNLEN='1'
HAVE_DECL_STRSIGNAL='1'
HAVE_DECL_STRTOK_R='1'
HAVE_DECL_VSNPRINTF='1'
HAVE_DECL_WCTOB='1'
HAVE_DECL_WCWIDTH='1'
HAVE_DPRINTF='1'
HAVE_DUP2='1'
HAVE_EUIDACCESS='1'
HAVE_FSEEKO='1'
HAVE_FSYNC='1'
HAVE_FTELLO='1'
HAVE_FTRUNCATE='1'
HAVE_GETDOMAINNAME='1'
HAVE_GETDTABLESIZE='1'
HAVE_GETHOSTNAME='1'
HAVE_GETPAGESIZE='1'
HAVE_GETSUBOPT='1'
HAVE_GETUSERSHELL='1'
HAVE_INTTYPES_H='1'
HAVE_LINK='1'
HAVE_LONG_LONG_INT='1'
HAVE_MALLOC_POSIX='1'
HAVE_MBRLEN='1'
HAVE_MBRTOWC='1'
HAVE_MBSINIT='1'
HAVE_MBSNRTOWCS='1'
HAVE_MBSRTOWCS='1'
HAVE_MEMPCPY='1'
HAVE_MKDTEMP='1'
HAVE_OS_H='0'
HAVE_POSIX_SIGNALBLOCKING='1'
HAVE_RANDOM_H='0'
HAVE_RANDOM_R='1'
HAVE_RAWMEMCHR='1'
HAVE_READLINK='1'
HAVE_REALLOC_POSIX='1'
HAVE_RPMATCH='1'
HAVE_SETENV='1'
HAVE_SIGACTION='1'
HAVE_SIGINFO_T='1'
HAVE_SIGNED_SIG_ATOMIC_T='1'
HAVE_SIGNED_WCHAR_T='1'
HAVE_SIGNED_WINT_T='0'
HAVE_SIGSET_T='1'
HAVE_SLEEP='1'
HAVE_STDINT_H='1'
HAVE_STPCPY='1'
HAVE_STPNCPY='1'
HAVE_STRCASESTR='1'
HAVE_STRCHRNUL='1'
HAVE_STRNDUP='1'
HAVE_STRPBRK='1'
HAVE_STRSEP='1'
HAVE_STRTOD='1'
HAVE_STRTOLL='1'
HAVE_STRTOULL='1'
HAVE_STRUCT_RANDOM_DATA='1'
HAVE_STRUCT_SIGACTION_SA_SIGACTION='1'
HAVE_STRVERSCMP='1'
HAVE_SYS_BITYPES_H='1'
HAVE_SYS_INTTYPES_H='0'
HAVE_SYS_LOADAVG_H='0'
HAVE_SYS_PARAM_H='0'
HAVE_SYS_TYPES_H='1'
HAVE_TYPE_VOLATILE_SIG_ATOMIC_T='1'
HAVE_UNISTD_H='1'
HAVE_UNSETENV='1'
HAVE_UNSIGNED_LONG_LONG_INT='1'
HAVE_VASPRINTF='1'
HAVE_VDPRINTF='1'
HAVE_VISIBILITY='0'
HAVE_WCHAR_H='1'
HAVE_WCHAR_T='1'
HAVE_WCRTOMB='1'
HAVE_WCSNRTOMBS='1'
HAVE_WCSRTOMBS='1'
HAVE_WINT_T='1'
HAVE__BOOL='1'
ICONV_CONST=''
INCLUDE_NEXT='include_next'
INCLUDE_NEXT_AS_FIRST_DIRECTIVE='include_next'
INSTALL_DATA='${INSTALL} -m 644'
INSTALL_PROGRAM='${INSTALL}'
INSTALL_PROGRAM_ENV=''
INSTALL_SCRIPT='${INSTALL}'
INSTALL_STRIP_PROGRAM='$(install_sh) -c -s'
INTLLIBS=''
INTL_MACOSX_LIBS=''
LD='/usr/bin/ld'
LDFLAGS=''
LIBICONV=''
LIBICRT_LIBDEPS=''
LIBICRT_LTLIBDEPS=''
LIBINTL=''
LIBOBJS=''
LIBS=''
LIBTOOL='/bin/sh $(top_builddir)/libtool'
LIPO=''
LN='ln'
LN_S='ln -s'
LTLIBICONV=''
LTLIBINTL=''
LTLIBOBJS=''
MAKEINFO='${SHELL} /home/hoffman/DEV/internal/osiris/libiconv-1.13/build-aux/missing --run makeinfo'
MKDIR_P='/usr/bin/mkdir -p'
MSGFMT='/usr/bin/msgfmt'
MSGFMT_015=':'
MSGMERGE='/usr/bin/msgmerge'
NEXT_ERRNO_H=''
NEXT_SIGNAL_H='<signal.h>'
NEXT_STDINT_H='<stdint.h>'
NEXT_STDIO_H='<stdio.h>'
NEXT_STDLIB_H='<stdlib.h>'
NEXT_STRING_H='<string.h>'
NEXT_UNISTD_H='<unistd.h>'
NEXT_WCHAR_H='<wchar.h>'
NM='/usr/bin/nm -B'
NMEDIT=''
OBJDUMP='objdump'
OBJEXT='o'
OTOOL64=''
OTOOL=''
PACKAGE='libiconv'
PACKAGE_BUGREPORT=''
PACKAGE_NAME=''
PACKAGE_STRING=''
PACKAGE_TARNAME=''
PACKAGE_VERSION=''
PATH_SEPARATOR=':'
POSUB='po'
PRAGMA_SYSTEM_HEADER='#pragma GCC system_header'
PTRDIFF_T_SUFFIX=''
RANLIB='ranlib'
RC=''
RELOCATABLE='no'
RELOCATABLE_BUILD_DIR='$(top_builddir)/srclib'
RELOCATABLE_CONFIG_H_DIR='$(top_builddir)'
RELOCATABLE_LDFLAGS=''
RELOCATABLE_LIBRARY_PATH=''
RELOCATABLE_SRC_DIR='$(top_srcdir)/srclib'
RELOCATABLE_VIA_LD_FALSE=''
RELOCATABLE_VIA_LD_TRUE='#'
REPLACE_BTOWC='0'
REPLACE_CHOWN='0'
REPLACE_CLOSE='0'
REPLACE_DPRINTF='0'
REPLACE_FCHDIR='0'
REPLACE_FCLOSE='0'
REPLACE_FFLUSH='0'
REPLACE_FOPEN='0'
REPLACE_FPRINTF='0'
REPLACE_FREOPEN='0'
REPLACE_FSEEK='0'
REPLACE_FSEEKO='0'
REPLACE_FTELL='0'
REPLACE_FTELLO='0'
REPLACE_GETCWD='0'
REPLACE_GETLINE='0'
REPLACE_GETPAGESIZE='0'
REPLACE_LCHOWN='0'
REPLACE_LSEEK='0'
REPLACE_MBRLEN='0'
REPLACE_MBRTOWC='0'
REPLACE_MBSINIT='0'
REPLACE_MBSNRTOWCS='0'
REPLACE_MBSRTOWCS='0'
REPLACE_MBSTATE_T='0'
REPLACE_MEMMEM='0'
REPLACE_MKSTEMP='0'
REPLACE_OBSTACK_PRINTF='0'
REPLACE_PERROR='0'
REPLACE_PRINTF='0'
REPLACE_PUTENV='0'
REPLACE_SNPRINTF='0'
REPLACE_SPRINTF='0'
REPLACE_STDIO_WRITE_FUNCS='0'
REPLACE_STRCASESTR='0'
REPLACE_STRDUP='0'
REPLACE_STRERROR='0'
REPLACE_STRSIGNAL='0'
REPLACE_STRSTR='0'
REPLACE_STRTOD='0'
REPLACE_VASPRINTF='0'
REPLACE_VDPRINTF='0'
REPLACE_VFPRINTF='0'
REPLACE_VPRINTF='0'
REPLACE_VSNPRINTF='0'
REPLACE_VSPRINTF='0'
REPLACE_WCRTOMB='0'
REPLACE_WCSRTOMBS='0'
REPLACE_WCTOB='0'
REPLACE_WCWIDTH='0'
REPLACE_WRITE='0'
SED='/usr/bin/sed'
SET_MAKE=''
SHELL='/bin/sh'
SIG_ATOMIC_T_SUFFIX=''
SIZE_T_SUFFIX='u'
SRCLIBOBJS=''
STDBOOL_H=''
STDINT_H='stdint.h'
STRIP='/usr/bin/strip'
UNISTD_H_HAVE_WINSOCK2_H='0'
USE_EXTRA_ENCODINGS='no'
USE_MBSTATE_T='1'
USE_NLS='yes'
VERSION='1.13'
VOID_UNSETENV='0'
WCHAR_H=''
WCHAR_T_SUFFIX='l'
WINDRES=''
WINT_T_SUFFIX='u'
WOE32='no'
WOE32DLL='no'
XGETTEXT='/usr/bin/xgettext'
XGETTEXT_015=':'
XGETTEXT_EXTRA_OPTIONS=' --flag=error:3:c-format --flag=error_at_line:5:c-format'
ac_ct_CC='gcc'
ac_ct_DUMPBIN=''
am__fastdepCC_FALSE=''
am__fastdepCC_TRUE='#'
am__include='include'
am__isrc=''
am__leading_dot='.'
am__quote=''
am__tar='${AMTAR} chof - "$$tardir"'
am__untar='${AMTAR} xf -'
bindir='${exec_prefix}/bin'
build='i686-pc-linux-gnu'
build_alias=''
build_cpu='i686'
build_os='linux-gnu'
build_vendor='pc'
datadir='${datarootdir}'
datarootdir='${prefix}/share'
docdir='${datarootdir}/doc/${PACKAGE}'
dvidir='${docdir}'
exec_prefix='${prefix}'
gl_LIBOBJS=''
gl_LTLIBOBJS=''
gltests_LIBOBJS=''
gltests_LTLIBOBJS=''
host='i686-pc-linux-gnu'
host_alias=''
host_cpu='i686'
host_os='linux-gnu'
host_vendor='pc'
htmldir='${docdir}'
includedir='${prefix}/include'
infodir='${datarootdir}/info'
install_sh='$(SHELL) /home/hoffman/DEV/internal/osiris/libiconv-1.13/build-aux/install-sh'
libdir='${exec_prefix}/lib'
libexecdir='${exec_prefix}/libexec'
localedir='${datarootdir}/locale'
localstatedir='${prefix}/var'
lt_ECHO='echo'
mandir='${datarootdir}/man'
mkdir_p='/usr/bin/mkdir -p'
oldincludedir='/usr/include'
pdfdir='${docdir}'
prefix='/usr/local'
program_transform_name='s,x,x,'
psdir='${docdir}'
sbindir='${exec_prefix}/sbin'
sharedstatedir='${prefix}/com'
subdirs=' libcharset preload'
sysconfdir='${prefix}/etc'
target_alias=''

## ----------- ##
## confdefs.h. ##
## ----------- ##

#define PACKAGE_NAME ""
#define PACKAGE_TARNAME ""
#define PACKAGE_VERSION ""
#define PACKAGE_STRING ""
#define PACKAGE_BUGREPORT ""
#define PACKAGE "libiconv"
#define VERSION "1.13"
#define STDC_HEADERS 1
#define HAVE_SYS_TYPES_H 1
#define HAVE_SYS_STAT_H 1
#define HAVE_STDLIB_H 1
#define HAVE_STRING_H 1
#define HAVE_MEMORY_H 1
#define HAVE_STRINGS_H 1
#define HAVE_INTTYPES_H 1
#define HAVE_STDINT_H 1
#define HAVE_UNISTD_H 1
#define __EXTENSIONS__ 1
#define _ALL_SOURCE 1
#define _GNU_SOURCE 1
#define _POSIX_PTHREAD_SEMANTICS 1
#define _TANDEM_SOURCE 1
#define INSTALLPREFIX "/usr/local"
#define HAVE_DLFCN_H 1
#define LT_OBJDIR ".libs/"
#define HAVE_VISIBILITY 0
#define HAVE_ICONV 1
#define ICONV_CONST 
#define ENABLE_NLS 1
#define HAVE_GETTEXT 1
#define HAVE_DCGETTEXT 1
#define HAVE_MBSTATE_T 1
#define HAVE_WCHAR_T 1
#define HAVE_GETC_UNLOCKED 1
#define HAVE_MBRTOWC 1
#define HAVE_WCRTOMB 1
#define HAVE_MBSINIT 1
#define HAVE_SETLOCALE 1
#define HAVE_MEMMOVE 1
#define HAVE_LANGINFO_CODESET 1
#define HAVE_WCHAR_H 1
#define WORDS_LITTLEENDIAN 1
#define HAVE_ALLOCA_H 1
#define HAVE_ALLOCA 1
#define HAVE_STDLIB_H 1
#define HAVE_STRING_H 1
#define HAVE_SYS_PARAM_H 1
#define HAVE_UNISTD_H 1
#define HAVE_ERRNO_H 1
#define HAVE_SYS_SOCKET_H 1
#define HAVE_SIGNAL_H 1
#define HAVE_STDINT_H 1
#define HAVE_WCHAR_H 1
#define HAVE_STDIO_H 1
#define HAVE_DECL_CANONICALIZE_FILE_NAME 1
#define HAVE_CANONICALIZE_FILE_NAME 1
#define HAVE_GETCWD 1
#define HAVE_READLINK 1
#define HAVE_PATHCONF 1
#define HAVE_SETENV 1
#define HAVE_DECL_STRERROR_R 1
#define HAVE_STRERROR_R 1
#define STRERROR_R_CHAR_P 1
#define HAVE_STDLIB_H 1
#define MALLOC_0_IS_NONNULL 1
#define HAVE_LONG_LONG_INT 1
#define HAVE__BOOL 1
#define HAVE_STDBOOL_H 1
#define HAVE_UNSIGNED_LONG_LONG_INT 1
#define restrict __restrict
#define HAVE_DECL_CLEARERR_UNLOCKED 1
#define HAVE_DECL_FEOF_UNLOCKED 1
#define HAVE_DECL_FERROR_UNLOCKED 1
#define HAVE_DECL_FFLUSH_UNLOCKED 1
#define HAVE_DECL_FGETS_UNLOCKED 1
#define HAVE_DECL_FPUTC_UNLOCKED 1
#define HAVE_DECL_FPUTS_UNLOCKED 1
#define HAVE_DECL_FREAD_UNLOCKED 1
#define HAVE_DECL_FWRITE_UNLOCKED 1
#define HAVE_DECL_GETC_UNLOCKED 1
#define HAVE_DECL_GETCHAR_UNLOCKED 1
#define HAVE_DECL_PUTC_UNLOCKED 1
#define HAVE_DECL_PUTCHAR_UNLOCKED 1
#define HAVE_WINT_T 1
#define GNULIB_CANONICALIZE_LGPL 1
#define HAVE_ENVIRON_DECL 1
#define HAVE_MALLOC_POSIX 1
#define HAVE_MBSTATE_T 1
#define HAVE_MEMMOVE 1
#define HAVE_SEARCH_H 1
#define HAVE_TSEARCH 1
#define GNULIB_SIGPIPE 1
#define HAVE_SYS_BITYPES_H 1
#define BITSIZEOF_PTRDIFF_T 32
#define BITSIZEOF_SIZE_T 32
#define BITSIZEOF_SIG_ATOMIC_T 32
#define BITSIZEOF_WCHAR_T 32
#define BITSIZEOF_WINT_T 32
#define HAVE_SIGNED_SIG_ATOMIC_T 1
#define HAVE_SIGNED_WCHAR_T 1
#define PTRDIFF_T_SUFFIX 
#define SIZE_T_SUFFIX u
#define SIG_ATOMIC_T_SUFFIX 
#define WCHAR_T_SUFFIX l
#define WINT_T_SUFFIX u
#define HAVE_STRUCT_RANDOM_DATA 1
#define USE_UNLOCKED_IO 1

configure: exit 0
