This file contains any messages produced by compilers while
running configure, to aid debugging if configure makes a mistake.

It was created by configure, which was
generated by GNU Autoconf 2.62.  Invocation command line was

  $ ./configure --disable-option-checking --prefix=/usr/local --cache-file=/dev/null --srcdir=.

## --------- ##
## Platform. ##
## --------- ##

hostname = widget1
uname -m = i686
uname -r = 2.6.5-7.312-bigsmp
uname -s = Linux
uname -v = #1 SMP Fri Jun 6 13:44:33 UTC 2008

/usr/bin/uname -p = i686
/bin/uname -X     = unknown

/bin/arch              = i686
/usr/bin/arch -k       = unknown
/usr/convex/getsysinfo = unknown
/usr/bin/hostinfo      = unknown
/bin/machine           = unknown
/usr/bin/oslevel       = unknown
/bin/universe          = unknown

PATH: /opt/intel/cc/10.1.021/bin
PATH: /netopt/ncbi_tools/bin
PATH: /usr/local/emacs-22.1/bin
PATH: /usr/local/crisp/9.0.4d/bin.linux_glibc2.2
PATH: /usr/local/cvs-1.11.22/bin
PATH: /am/ncbiapdata/bin
PATH: /usr/local/valgrind-3.3.0/bin
PATH: /usr/local/make-3.81/bin
PATH: /usr/local/vim-7.1/bin
PATH: /usr/local/totalview/toolworks/totalview.6.6.0-1/bin
PATH: /opt/intel/cc/10.1.021/bin
PATH: /usr/local/doxygen-1.4.6/bin
PATH: /usr/local/xemacs-21.4.20/bin
PATH: /usr/local/gcc-3.4.2/bin
PATH: /usr/local/gdb-6.2.1/bin
PATH: /usr/local/ddd-3.3.11/bin
PATH: /export/home/sybase/clients/current/bin
PATH: /export/home/sybase/utils/bin
PATH: /opt/kde3/bin
PATH: /opt/gnome/bin
PATH: /usr/games
PATH: /home/hoffman/bin
PATH: /usr/bin/X11
PATH: /opt/totalview-8.2.0/bin
PATH: /opt/python-2.5.1/bin
PATH: /opt/perl-5.8.8/bin
PATH: /opt/graphviz-2.16.1/bin
PATH: /usr/bin
PATH: /bin
PATH: /usr/sbin
PATH: /sbin
PATH: /opt/eclipse
PATH: /usr/local/bin
PATH: /export/home/sybase/clients/current/bin
PATH: /export/home/sybase/utils/bin
PATH: /home/hoffman/xbin


## ----------- ##
## Core tests. ##
## ----------- ##

configure:2009: checking whether make sets $(MAKE)
configure:2031: result: yes
configure:2092: checking for gcc
configure:2108: found /usr/local/gcc-3.4.2/bin/gcc
configure:2119: result: gcc
configure:2357: checking for C compiler version
configure:2365: gcc --version >&5
gcc (GCC) 3.4.2
Copyright (C) 2004 Free Software Foundation, Inc.
This is free software; see the source for copying conditions.  There is NO
warranty; not even for MERCHANTABILITY or FITNESS FOR A PARTICULAR PURPOSE.

configure:2369: $? = 0
configure:2376: gcc -v >&5
Reading specs from /usr/lib/gcc-3.4.2/gcc/i686-pc-linux-gnu/3.4.2/specs
Configured with: ./configure --prefix=/usr/local/gcc-3.4.2 --libdir=/usr/lib/gcc-3.4.2 --with-include=/usr/local/gcc-3.4.2/include --enable-threads --enable-shared --enable-languages=c,c++,f77,java --with-gxx-include-dir=/usr/local/gcc-3.4.2/include/g++-v3
Thread model: posix
gcc version 3.4.2
configure:2380: $? = 0
configure:2387: gcc -V >&5
gcc: `-V' option must have argument
configure:2391: $? = 1
configure:2414: checking for C compiler default output file name
configure:2436: gcc    conftest.c  >&5
configure:2440: $? = 0
configure:2478: result: a.out
configure:2495: checking whether the C compiler works
configure:2505: ./a.out
configure:2509: $? = 0
configure:2526: result: yes
configure:2533: checking whether we are cross compiling
configure:2535: result: no
configure:2538: checking for suffix of executables
configure:2545: gcc -o conftest    conftest.c  >&5
configure:2549: $? = 0
configure:2573: result: 
configure:2579: checking for suffix of object files
configure:2605: gcc -c   conftest.c >&5
configure:2609: $? = 0
configure:2632: result: o
configure:2636: checking whether we are using the GNU C compiler
configure:2665: gcc -c   conftest.c >&5
configure:2672: $? = 0
configure:2689: result: yes
configure:2698: checking whether gcc accepts -g
configure:2728: gcc -c -g  conftest.c >&5
configure:2735: $? = 0
configure:2836: result: yes
configure:2853: checking for gcc option to accept ISO C89
configure:2927: gcc  -c -g -O2  conftest.c >&5
configure:2934: $? = 0
configure:2957: result: none needed
configure:2980: checking how to run the C preprocessor
configure:3020: gcc -E  conftest.c
configure:3027: $? = 0
configure:3058: gcc -E  conftest.c
conftest.c:8:28: ac_nonexistent.h: No such file or directory
configure:3065: $? = 1
configure: failed program was:
| /* confdefs.h.  */
| #define PACKAGE_NAME ""
| #define PACKAGE_TARNAME ""
| #define PACKAGE_VERSION ""
| #define PACKAGE_STRING ""
| #define PACKAGE_BUGREPORT ""
| /* end confdefs.h.  */
| #include <ac_nonexistent.h>
configure:3098: result: gcc -E
configure:3127: gcc -E  conftest.c
configure:3134: $? = 0
configure:3165: gcc -E  conftest.c
conftest.c:8:28: ac_nonexistent.h: No such file or directory
configure:3172: $? = 1
configure: failed program was:
| /* confdefs.h.  */
| #define PACKAGE_NAME ""
| #define PACKAGE_TARNAME ""
| #define PACKAGE_VERSION ""
| #define PACKAGE_STRING ""
| #define PACKAGE_BUGREPORT ""
| /* end confdefs.h.  */
| #include <ac_nonexistent.h>
configure:3223: checking for a BSD-compatible install
configure:3291: result: /usr/bin/install -c
configure:3310: checking build system type
configure:3328: result: i686-pc-linux-gnu
configure:3350: checking host system type
configure:3365: result: i686-pc-linux-gnu
configure:3390: checking whether to activate relocatable installation
configure:3405: result: no
configure:3441: checking whether ln -s works
configure:3445: result: yes
configure:3456: checking for grep that handles long lines and -e
configure:3516: result: /usr/bin/grep
configure:3521: checking for egrep
configure:3585: result: /usr/bin/grep -E
configure:3590: checking for ANSI C header files
configure:3620: gcc -c -g -O2  conftest.c >&5
configure:3627: $? = 0
configure:3723: gcc -o conftest -g -O2   conftest.c  >&5
configure:3727: $? = 0
configure:3733: ./conftest
configure:3737: $? = 0
configure:3755: result: yes
configure:3779: checking for sys/types.h
configure:3800: gcc -c -g -O2  conftest.c >&5
configure:3807: $? = 0
configure:3824: result: yes
configure:3779: checking for sys/stat.h
configure:3800: gcc -c -g -O2  conftest.c >&5
configure:3807: $? = 0
configure:3824: result: yes
configure:3779: checking for stdlib.h
configure:3800: gcc -c -g -O2  conftest.c >&5
configure:3807: $? = 0
configure:3824: result: yes
configure:3779: checking for string.h
configure:3800: gcc -c -g -O2  conftest.c >&5
configure:3807: $? = 0
configure:3824: result: yes
configure:3779: checking for memory.h
configure:3800: gcc -c -g -O2  conftest.c >&5
configure:3807: $? = 0
configure:3824: result: yes
configure:3779: checking for strings.h
configure:3800: gcc -c -g -O2  conftest.c >&5
configure:3807: $? = 0
configure:3824: result: yes
configure:3779: checking for inttypes.h
configure:3800: gcc -c -g -O2  conftest.c >&5
configure:3807: $? = 0
configure:3824: result: yes
configure:3779: checking for stdint.h
configure:3800: gcc -c -g -O2  conftest.c >&5
configure:3807: $? = 0
configure:3824: result: yes
configure:3779: checking for unistd.h
configure:3800: gcc -c -g -O2  conftest.c >&5
configure:3807: $? = 0
configure:3824: result: yes
configure:3850: checking minix/config.h usability
configure:3867: gcc -c -g -O2  conftest.c >&5
conftest.c:52:26: minix/config.h: No such file or directory
configure:3874: $? = 1
configure: failed program was:
| /* confdefs.h.  */
| #define PACKAGE_NAME ""
| #define PACKAGE_TARNAME ""
| #define PACKAGE_VERSION ""
| #define PACKAGE_STRING ""
| #define PACKAGE_BUGREPORT ""
| #define INSTALLPREFIX "/usr/local"
| #define STDC_HEADERS 1
| #define HAVE_SYS_TYPES_H 1
| #define HAVE_SYS_STAT_H 1
| #define HAVE_STDLIB_H 1
| #define HAVE_STRING_H 1
| #define HAVE_MEMORY_H 1
| #define HAVE_STRINGS_H 1
| #define HAVE_INTTYPES_H 1
| #define HAVE_STDINT_H 1
| #define HAVE_UNISTD_H 1
| /* end confdefs.h.  */
| #include <stdio.h>
| #ifdef HAVE_SYS_TYPES_H
| # include <sys/types.h>
| #endif
| #ifdef HAVE_SYS_STAT_H
| # include <sys/stat.h>
| #endif
| #ifdef STDC_HEADERS
| # include <stdlib.h>
| # include <stddef.h>
| #else
| # ifdef HAVE_STDLIB_H
| #  include <stdlib.h>
| # endif
| #endif
| #ifdef HAVE_STRING_H
| # if !defined STDC_HEADERS && defined HAVE_MEMORY_H
| #  include <memory.h>
| # endif
| # include <string.h>
| #endif
| #ifdef HAVE_STRINGS_H
| # include <strings.h>
| #endif
| #ifdef HAVE_INTTYPES_H
| # include <inttypes.h>
| #endif
| #ifdef HAVE_STDINT_H
| # include <stdint.h>
| #endif
| #ifdef HAVE_UNISTD_H
| # include <unistd.h>
| #endif
| #include <minix/config.h>
configure:3888: result: no
configure:3892: checking minix/config.h presence
configure:3907: gcc -E  conftest.c
conftest.c:19:26: minix/config.h: No such file or directory
configure:3914: $? = 1
configure: failed program was:
| /* confdefs.h.  */
| #define PACKAGE_NAME ""
| #define PACKAGE_TARNAME ""
| #define PACKAGE_VERSION ""
| #define PACKAGE_STRING ""
| #define PACKAGE_BUGREPORT ""
| #define INSTALLPREFIX "/usr/local"
| #define STDC_HEADERS 1
| #define HAVE_SYS_TYPES_H 1
| #define HAVE_SYS_STAT_H 1
| #define HAVE_STDLIB_H 1
| #define HAVE_STRING_H 1
| #define HAVE_MEMORY_H 1
| #define HAVE_STRINGS_H 1
| #define HAVE_INTTYPES_H 1
| #define HAVE_STDINT_H 1
| #define HAVE_UNISTD_H 1
| /* end confdefs.h.  */
| #include <minix/config.h>
configure:3928: result: no
configure:3956: checking for minix/config.h
configure:3963: result: no
configure:4004: checking whether it is safe to define __EXTENSIONS__
configure:4032: gcc -c -g -O2  conftest.c >&5
configure:4039: $? = 0
configure:4054: result: yes
configure:4111: checking for a sed that does not truncate output
configure:4177: result: /usr/bin/sed
configure:4195: checking for fgrep
configure:4259: result: /usr/bin/grep -F
configure:4294: checking for ld used by gcc
configure:4361: result: /usr/bin/ld
configure:4370: checking if the linker (/usr/bin/ld) is GNU ld
configure:4385: result: yes
configure:4397: checking for BSD- or MS-compatible name lister (nm)
configure:4446: result: /usr/bin/nm -B
configure:4568: checking the name lister (/usr/bin/nm -B) interface
configure:4578: gcc -c -g -O2  conftest.c >&5
configure:4581: /usr/bin/nm -B "conftest.o"
configure:4584: output
00000000 B some_variable
configure:4588: result: BSD nm
configure:4592: checking the maximum length of command line arguments
configure:4712: result: 98304
configure:4729: checking whether the shell understands some XSI constructs
configure:4739: result: yes
configure:4743: checking whether the shell understands "+="
configure:4749: result: no
configure:4784: checking for /usr/bin/ld option to reload object files
configure:4791: result: -r
configure:4860: checking for objdump
configure:4876: found /usr/bin/objdump
configure:4887: result: objdump
configure:4920: checking how to recognize dependent libraries
configure:5116: result: pass_all
configure:5176: checking for ar
configure:5192: found /usr/bin/ar
configure:5203: result: ar
configure:5285: checking for strip
configure:5301: found /usr/bin/strip
configure:5312: result: strip
configure:5388: checking for ranlib
configure:5404: found /usr/bin/ranlib
configure:5415: result: ranlib
configure:5509: checking command to parse /usr/bin/nm -B output from gcc object
configure:5627: gcc -c -g -O2  conftest.c >&5
configure:5630: $? = 0
configure:5634: /usr/bin/nm -B conftest.o \| sed -n -e 's/^.*[	 ]\([ABCDGIRSTW][ABCDGIRSTW]*\)[	 ][	 ]*\([_A-Za-z][_A-Za-z0-9]*\)$/\1 \2 \2/p' \> conftest.nm
configure:5637: $? = 0
configure:5691: gcc -o conftest -g -O2   conftest.c conftstm.o >&5
configure:5694: $? = 0
configure:5732: result: ok
configure:6617: checking for dlfcn.h
configure:6638: gcc -c -g -O2  conftest.c >&5
configure:6645: $? = 0
configure:6662: result: yes
configure:7157: checking for objdir
configure:7172: result: .libs
configure:7468: checking if gcc supports -fno-rtti -fno-exceptions
configure:7489: gcc -c -g -O2  -fno-rtti -fno-exceptions conftest.c >&5
cc1: warning: command line option "-fno-rtti" is valid for C++/ObjC++ but not for C
configure:7493: $? = 0
configure:7503: result: no
configure:7523: checking for gcc option to produce PIC
configure:7795: result: -fPIC -DPIC
configure:7807: checking if gcc PIC flag -fPIC -DPIC works
configure:7828: gcc -c -g -O2  -fPIC -DPIC -DPIC conftest.c >&5
configure:7832: $? = 0
configure:7842: result: yes
configure:7866: checking if gcc static flag -static works
configure:7894: result: yes
configure:7909: checking if gcc supports -c -o file.o
configure:7933: gcc -c -g -O2  -o out/conftest2.o conftest.c >&5
configure:7937: $? = 0
configure:7956: result: yes
configure:7964: checking if gcc supports -c -o file.o
configure:8011: result: yes
configure:8044: checking whether the gcc linker (/usr/bin/ld) supports shared libraries
configure:9118: result: yes
configure:9155: checking whether -lc should be explicitly linked in
configure:9160: gcc -c -g -O2  conftest.c >&5
configure:9163: $? = 0
configure:9178: gcc -shared conftest.o  -v -Wl,-soname -Wl,conftest -o conftest 2\>\&1 \| /usr/bin/grep  -lc  \>/dev/null 2\>\&1
configure:9181: $? = 0
configure:9193: result: no
configure:9357: checking dynamic linker characteristics
configure:9800: gcc -o conftest -g -O2   -Wl,-rpath -Wl,/foo conftest.c  >&5
configure:9807: $? = 0
configure:10040: result: GNU/Linux ld.so
configure:10142: checking how to hardcode library paths into programs
configure:10167: result: immediate
configure:11000: checking whether stripping libraries is possible
configure:11005: result: yes
configure:11040: checking if libtool supports shared libraries
configure:11042: result: yes
configure:11045: checking whether to build shared libraries
configure:11066: result: yes
configure:11069: checking whether to build static libraries
configure:11073: result: no
configure:11113: checking for simple visibility declarations
configure:11145: gcc -c -g -O2 -fvisibility=hidden  conftest.c >&5
cc1: error: unrecognized command line option "-fvisibility=hidden"
configure:11152: $? = 1
configure: failed program was:
| /* confdefs.h.  */
| #define PACKAGE_NAME ""
| #define PACKAGE_TARNAME ""
| #define PACKAGE_VERSION ""
| #define PACKAGE_STRING ""
| #define PACKAGE_BUGREPORT ""
| #define INSTALLPREFIX "/usr/local"
| #define STDC_HEADERS 1
| #define HAVE_SYS_TYPES_H 1
| #define HAVE_SYS_STAT_H 1
| #define HAVE_STDLIB_H 1
| #define HAVE_STRING_H 1
| #define HAVE_MEMORY_H 1
| #define HAVE_STRINGS_H 1
| #define HAVE_INTTYPES_H 1
| #define HAVE_STDINT_H 1
| #define HAVE_UNISTD_H 1
| #define __EXTENSIONS__ 1
| #define _ALL_SOURCE 1
| #define _GNU_SOURCE 1
| #define _POSIX_PTHREAD_SEMANTICS 1
| #define _TANDEM_SOURCE 1
| #define HAVE_DLFCN_H 1
| #define LT_OBJDIR ".libs/"
| /* end confdefs.h.  */
| extern __attribute__((__visibility__("hidden"))) int hiddenvar;
|          extern __attribute__((__visibility__("default"))) int exportedvar;
|          extern __attribute__((__visibility__("hidden"))) int hiddenfunc (void);
|          extern __attribute__((__visibility__("default"))) int exportedfunc (void);
| int
| main ()
| {
| 
|   ;
|   return 0;
| }
configure:11169: result: no
configure:11334: creating ./config.status

## ---------------------- ##
## Running config.status. ##
## ---------------------- ##

This file was extended by config.status, which was
generated by GNU Autoconf 2.62.  Invocation command line was

  CONFIG_FILES    = 
  CONFIG_HEADERS  = 
  CONFIG_LINKS    = 
  CONFIG_COMMANDS = 
  $ ./config.status 

on widget1

config.status:880: creating Makefile
config.status:1085: executing libtool commands

## ---------------- ##
## Cache variables. ##
## ---------------- ##

ac_cv_build=i686-pc-linux-gnu
ac_cv_c_compiler_gnu=yes
ac_cv_env_CC_set=
ac_cv_env_CC_value=
ac_cv_env_CFLAGS_set=
ac_cv_env_CFLAGS_value=
ac_cv_env_CPPFLAGS_set=
ac_cv_env_CPPFLAGS_value=
ac_cv_env_CPP_set=
ac_cv_env_CPP_value=
ac_cv_env_LDFLAGS_set=
ac_cv_env_LDFLAGS_value=
ac_cv_env_LIBS_set=
ac_cv_env_LIBS_value=
ac_cv_env_build_alias_set=
ac_cv_env_build_alias_value=
ac_cv_env_host_alias_set=
ac_cv_env_host_alias_value=
ac_cv_env_target_alias_set=
ac_cv_env_target_alias_value=
ac_cv_header_dlfcn_h=yes
ac_cv_header_inttypes_h=yes
ac_cv_header_memory_h=yes
ac_cv_header_minix_config_h=no
ac_cv_header_stdc=yes
ac_cv_header_stdint_h=yes
ac_cv_header_stdlib_h=yes
ac_cv_header_string_h=yes
ac_cv_header_strings_h=yes
ac_cv_header_sys_stat_h=yes
ac_cv_header_sys_types_h=yes
ac_cv_header_unistd_h=yes
ac_cv_host=i686-pc-linux-gnu
ac_cv_objext=o
ac_cv_path_EGREP='/usr/bin/grep -E'
ac_cv_path_FGREP='/usr/bin/grep -F'
ac_cv_path_GREP=/usr/bin/grep
ac_cv_path_SED=/usr/bin/sed
ac_cv_path_install='/usr/bin/install -c'
ac_cv_prog_CPP='gcc -E'
ac_cv_prog_ac_ct_AR=ar
ac_cv_prog_ac_ct_CC=gcc
ac_cv_prog_ac_ct_OBJDUMP=objdump
ac_cv_prog_ac_ct_RANLIB=ranlib
ac_cv_prog_ac_ct_STRIP=strip
ac_cv_prog_cc_c89=
ac_cv_prog_cc_g=yes
ac_cv_prog_make_make_set=yes
ac_cv_safe_to_define___extensions__=yes
gl_cv_cc_visibility=no
lt_cv_deplibs_check_method=pass_all
lt_cv_file_magic_cmd='$MAGIC_CMD'
lt_cv_file_magic_test_file=
lt_cv_ld_reload_flag=-r
lt_cv_nm_interface='BSD nm'
lt_cv_objdir=.libs
lt_cv_path_LD=/usr/bin/ld
lt_cv_path_NM='/usr/bin/nm -B'
lt_cv_prog_compiler_c_o=yes
lt_cv_prog_compiler_pic_works=yes
lt_cv_prog_compiler_rtti_exceptions=no
lt_cv_prog_compiler_static_works=yes
lt_cv_prog_gnu_ld=yes
lt_cv_sys_global_symbol_pipe='sed -n -e '\''s/^.*[	 ]\([ABCDGIRSTW][ABCDGIRSTW]*\)[	 ][	 ]*\([_A-Za-z][_A-Za-z0-9]*\)$/\1 \2 \2/p'\'''
lt_cv_sys_global_symbol_to_c_name_address='sed -n -e '\''s/^: \([^ ]*\) $/  {\"\1\", (void *) 0},/p'\'' -e '\''s/^[ABCDGIRSTW]* \([^ ]*\) \([^ ]*\)$/  {"\2", (void *) \&\2},/p'\'''
lt_cv_sys_global_symbol_to_c_name_address_lib_prefix='sed -n -e '\''s/^: \([^ ]*\) $/  {\"\1\", (void *) 0},/p'\'' -e '\''s/^[ABCDGIRSTW]* \([^ ]*\) \(lib[^ ]*\)$/  {"\2", (void *) \&\2},/p'\'' -e '\''s/^[ABCDGIRSTW]* \([^ ]*\) \([^ ]*\)$/  {"lib\2", (void *) \&\2},/p'\'''
lt_cv_sys_global_symbol_to_cdecl='sed -n -e '\''s/^T .* \(.*\)$/extern int \1();/p'\'' -e '\''s/^[ABCDGIRSTW]* .* \(.*\)$/extern char \1;/p'\'''
lt_cv_sys_max_cmd_len=98304

## ----------------- ##
## Output variables. ##
## ----------------- ##

AR='ar'
AS='as'
CC='gcc'
CFLAGS='-g -O2'
CFLAG_VISIBILITY=''
CPP='gcc -E'
CPPFLAGS=''
DEFS='-DPACKAGE_NAME=\"\" -DPACKAGE_TARNAME=\"\" -DPACKAGE_VERSION=\"\" -DPACKAGE_STRING=\"\" -DPACKAGE_BUGREPORT=\"\" -DINSTALLPREFIX=\"/usr/local\" -DSTDC_HEADERS=1 -DHAVE_SYS_TYPES_H=1 -DHAVE_SYS_STAT_H=1 -DHAVE_STDLIB_H=1 -DHAVE_STRING_H=1 -DHAVE_MEMORY_H=1 -DHAVE_STRINGS_H=1 -DHAVE_INTTYPES_H=1 -DHAVE_STDINT_H=1 -DHAVE_UNISTD_H=1 -D__EXTENSIONS__=1 -D_ALL_SOURCE=1 -D_GNU_SOURCE=1 -D_POSIX_PTHREAD_SEMANTICS=1 -D_TANDEM_SOURCE=1 -DHAVE_DLFCN_H=1 -DLT_OBJDIR=\".libs/\" -DHAVE_VISIBILITY=0'
DLLTOOL='dlltool'
DSYMUTIL=''
DUMPBIN=''
ECHO_C=''
ECHO_N='-n'
ECHO_T=''
EGREP='/usr/bin/grep -E'
EXEEXT=''
FGREP='/usr/bin/grep -F'
GREP='/usr/bin/grep'
HAVE_VISIBILITY='0'
INSTALL_DATA='${INSTALL} -m 644'
INSTALL_PROGRAM='${INSTALL}'
INSTALL_SCRIPT='${INSTALL}'
LD='/usr/bin/ld'
LDFLAGS=''
LIBOBJS=''
LIBS=''
LIBTOOL='/bin/sh $(top_builddir)/libtool'
LIPO=''
LN_S='ln -s'
LTLIBOBJS=''
NM='/usr/bin/nm -B'
NMEDIT=''
OBJDUMP='objdump'
OBJEXT='o'
OTOOL64=''
OTOOL=''
PACKAGE=''
PACKAGE_BUGREPORT=''
PACKAGE_NAME=''
PACKAGE_STRING=''
PACKAGE_TARNAME=''
PACKAGE_VERSION=''
PATH_SEPARATOR=':'
PLUGLIB='preloadable_libiconv.so'
RANLIB='ranlib'
RELOCATABLE='no'
SED='/usr/bin/sed'
SET_MAKE=''
SHELL='/bin/sh'
STRIP='strip'
VERSION=''
ac_ct_CC='gcc'
ac_ct_DUMPBIN=''
bindir='${exec_prefix}/bin'
build='i686-pc-linux-gnu'
build_alias=''
build_cpu='i686'
build_os='linux-gnu'
build_vendor='pc'
datadir='${datarootdir}'
datarootdir='${prefix}/share'
docdir='${datarootdir}/doc/${PACKAGE}'
dvidir='${docdir}'
exec_prefix='${prefix}'
host='i686-pc-linux-gnu'
host_alias=''
host_cpu='i686'
host_os='linux-gnu'
host_vendor='pc'
htmldir='${docdir}'
includedir='${prefix}/include'
infodir='${datarootdir}/info'
libdir='${exec_prefix}/lib'
libexecdir='${exec_prefix}/libexec'
localedir='${datarootdir}/locale'
localstatedir='${prefix}/var'
lt_ECHO='echo'
mandir='${datarootdir}/man'
oldincludedir='/usr/include'
pdfdir='${docdir}'
prefix='/usr/local'
program_transform_name='s,x,x,'
psdir='${docdir}'
sbindir='${exec_prefix}/sbin'
sharedstatedir='${prefix}/com'
sysconfdir='${prefix}/etc'
target_alias=''

## ----------- ##
## confdefs.h. ##
## ----------- ##

#define PACKAGE_NAME ""
#define PACKAGE_TARNAME ""
#define PACKAGE_VERSION ""
#define PACKAGE_STRING ""
#define PACKAGE_BUGREPORT ""
#define INSTALLPREFIX "/usr/local"
#define STDC_HEADERS 1
#define HAVE_SYS_TYPES_H 1
#define HAVE_SYS_STAT_H 1
#define HAVE_STDLIB_H 1
#define HAVE_STRING_H 1
#define HAVE_MEMORY_H 1
#define HAVE_STRINGS_H 1
#define HAVE_INTTYPES_H 1
#define HAVE_STDINT_H 1
#define HAVE_UNISTD_H 1
#define __EXTENSIONS__ 1
#define _ALL_SOURCE 1
#define _GNU_SOURCE 1
#define _POSIX_PTHREAD_SEMANTICS 1
#define _TANDEM_SOURCE 1
#define HAVE_DLFCN_H 1
#define LT_OBJDIR ".libs/"
#define HAVE_VISIBILITY 0

configure: exit 0
