Build started 8/27/2014 4:35:38 PM.
     1>Project "C:\Users\goorrob\Documents\GitHub\osiris\GenerateSmartNotices\GenerateSmartNotices.vcxproj" on node 2 (rebuild target(s)).
     1>_PrepareForClean:
         Deleting file "Release\GenerateSmartNotices.lastbuildstate".
       InitializeBuildStatus:
         Creating "Release\GenerateSmartNotices.unsuccessfulbuild" because "AlwaysCreate" was specified.
       ClCompile:
         c:\Program Files (x86)\Microsoft Visual Studio 10.0\VC\bin\CL.exe /c /I../OsirisLib /I..\XmlWrap /I"..\zlib-1.2.3.win32\include" /I"..\iconv-1.9.2.win32\include" /I"..\libxml2-2.6.28.win32\include" /I..\BaseClassLib /Zi /nologo /W3 /WX- /O2 /Oy- /D WIN32 /D NDEBUG /D _CONSOLE /D _WINDOWS /D _VC80_UPGRADE=0x0710 /D _MBCS /Gm /EHsc /MT /GS /fp:precise /Zc:wchar_t /Zc:forScope /Fo"Release\\" /Fd"Release\vc100.pdb" /Gd /TP /analyze- /errorReport:prompt GenerateSmartNotices.cpp
         GenerateSmartNotices.cpp
       Link:
         c:\Program Files (x86)\Microsoft Visual Studio 10.0\VC\bin\link.exe /ERRORREPORT:PROMPT /OUT:"Release\GenerateSmartNotices.exe" /INCREMENTAL:NO /NOLOGO /LIBPATH:../BaseClassLib/Tools/Release /LIBPATH:../OsirisLib2.01/Release OsirisLib.lib Tools.lib kernel32.lib user32.lib gdi32.lib winspool.lib comdlg32.lib advapi32.lib shell32.lib ole32.lib oleaut32.lib uuid.lib odbc32.lib odbccp32.lib /MANIFEST /ManifestFile:"Release\GenerateSmartNotices.exe.intermediate.manifest" /MANIFESTUAC:"level='asInvoker' uiAccess='false'" /PDB:"C:\Users\goorrob\Documents\GitHub\osiris\GenerateSmartNotices\Release\GenerateSmartNotices.pdb" /SUBSYSTEM:CONSOLE /OPT:REF /OPT:ICF /TLBID:1 /DYNAMICBASE:NO /IMPLIB:"Release\GenerateSmartNotices.lib" /MACHINE:X86 Release\GenerateSmartNotices.obj
     1>msvcprt.lib(MSVCP100.dll) : error LNK2005: "void __cdecl std::_Xout_of_range(char const *)" (?_Xout_of_range@std@@YAXPBD@Z) already defined in libcpmt.lib(xthrow.obj)
     1>msvcprt.lib(MSVCP100.dll) : error LNK2005: "void __cdecl std::_Xlength_error(char const *)" (?_Xlength_error@std@@YAXPBD@Z) already defined in libcpmt.lib(xthrow.obj)
     1>msvcprt.lib(MSVCP100.dll) : error LNK2005: "public: void __thiscall std::basic_ios<char,struct std::char_traits<char> >::setstate(int,bool)" (?setstate@?$basic_ios@DU?$char_traits@D@std@@@std@@QAEXH_N@Z) already defined in GenerateSmartNotices.obj
     1>msvcprt.lib(MSVCP100.dll) : error LNK2005: "public: class std::basic_ostream<char,struct std::char_traits<char> > & __thiscall std::basic_ostream<char,struct std::char_traits<char> >::flush(void)" (?flush@?$basic_ostream@DU?$char_traits@D@std@@@std@@QAEAAV12@XZ) already defined in GenerateSmartNotices.obj
     1>msvcprt.lib(MSVCP100.dll) : error LNK2005: "public: void __thiscall std::basic_ostream<char,struct std::char_traits<char> >::_Osfx(void)" (?_Osfx@?$basic_ostream@DU?$char_traits@D@std@@@std@@QAEXXZ) already defined in GenerateSmartNotices.obj
     1>msvcprt.lib(MSVCP100.dll) : error LNK2005: "bool __cdecl std::uncaught_exception(void)" (?uncaught_exception@std@@YA_NXZ) already defined in libcpmt.lib(uncaught.obj)
     1>msvcprt.lib(MSVCP100.dll) : error LNK2005: "public: __int64 __thiscall std::basic_streambuf<char,struct std::char_traits<char> >::sputn(char const *,__int64)" (?sputn@?$basic_streambuf@DU?$char_traits@D@std@@@std@@QAE_JPBD_J@Z) already defined in GenerateSmartNotices.obj
     1>msvcprt.lib(MSVCP100.dll) : error LNK2005: "public: int __thiscall std::basic_streambuf<char,struct std::char_traits<char> >::sputc(char)" (?sputc@?$basic_streambuf@DU?$char_traits@D@std@@@std@@QAEHD@Z) already defined in GenerateSmartNotices.obj
     1>msvcprt.lib(MSVCP100.dll) : error LNK2005: "public: class std::basic_ostream<char,struct std::char_traits<char> > & __thiscall std::basic_ostream<char,struct std::char_traits<char> >::operator<<(class std::basic_ostream<char,struct std::char_traits<char> > & (__cdecl*)(class std::basic_ostream<char,struct std::char_traits<char> > &))" (??6?$basic_ostream@DU?$char_traits@D@std@@@std@@QAEAAV01@P6AAAV01@AAV01@@Z@Z) already defined in GenerateSmartNotices.obj
     1>msvcprt.lib(MSVCP100.dll) : error LNK2005: "class std::basic_ostream<char,struct std::char_traits<char> > & __cdecl std::endl(class std::basic_ostream<char,struct std::char_traits<char> > &)" (?endl@std@@YAAAV?$basic_ostream@DU?$char_traits@D@std@@@1@AAV21@@Z) already defined in GenerateSmartNotices.obj
     1>MSVCRT.lib(MSVCR100.dll) : error LNK2005: _strtol already defined in LIBCMT.lib(strtol.obj)
     1>MSVCRT.lib(MSVCR100.dll) : error LNK2005: "public: virtual __thiscall std::exception::~exception(void)" (??1exception@std@@UAE@XZ) already defined in LIBCMT.lib(stdexcpt.obj)
     1>MSVCRT.lib(MSVCR100.dll) : error LNK2005: "public: __thiscall std::exception::exception(char const * const &)" (??0exception@std@@QAE@ABQBD@Z) already defined in LIBCMT.lib(stdexcpt.obj)
     1>MSVCRT.lib(MSVCR100.dll) : error LNK2005: _memmove already defined in LIBCMT.lib(memmove.obj)
     1>MSVCRT.lib(MSVCR100.dll) : error LNK2005: _tolower already defined in LIBCMT.lib(tolower.obj)
     1>MSVCRT.lib(MSVCR100.dll) : error LNK2005: _strtoul already defined in LIBCMT.lib(strtol.obj)
     1>MSVCRT.lib(MSVCR100.dll) : error LNK2005: "public: __thiscall std::exception::exception(class std::exception const &)" (??0exception@std@@QAE@ABV01@@Z) already defined in LIBCMT.lib(stdexcpt.obj)
     1>MSVCRT.lib(MSVCR100.dll) : error LNK2005: _fclose already defined in LIBCMT.lib(fclose.obj)
     1>MSVCRT.lib(MSVCR100.dll) : error LNK2005: _fflush already defined in LIBCMT.lib(fflush.obj)
     1>MSVCRT.lib(MSVCR100.dll) : error LNK2005: _ungetc already defined in LIBCMT.lib(ungetc.obj)
     1>MSVCRT.lib(MSVCR100.dll) : error LNK2005: _getc already defined in LIBCMT.lib(fgetc.obj)
     1>MSVCRT.lib(MSVCR100.dll) : error LNK2005: __fileno already defined in LIBCMT.lib(fileno.obj)
     1>MSVCRT.lib(MSVCR100.dll) : error LNK2005: _fgetc already defined in LIBCMT.lib(fgetc.obj)
     1>MSVCRT.lib(MSVCR100.dll) : error LNK2005: _fwrite already defined in LIBCMT.lib(fwrite.obj)
     1>MSVCRT.lib(MSVCR100.dll) : error LNK2005: _malloc already defined in LIBCMT.lib(malloc.obj)
     1>MSVCRT.lib(MSVCR100.dll) : error LNK2005: _free already defined in LIBCMT.lib(free.obj)
     1>MSVCRT.lib(MSVCR100.dll) : error LNK2005: __flushall already defined in LIBCMT.lib(fflush.obj)
     1>MSVCRT.lib(ti_inst.obj) : error LNK2005: "private: __thiscall type_info::type_info(class type_info const &)" (??0type_info@@AAE@ABV0@@Z) already defined in LIBCMT.lib(typinfo.obj)
     1>MSVCRT.lib(ti_inst.obj) : error LNK2005: "private: class type_info & __thiscall type_info::operator=(class type_info const &)" (??4type_info@@AAEAAV0@ABV0@@Z) already defined in LIBCMT.lib(typinfo.obj)
     1>OsirisLib.lib(SmartMessage.obj) : error LNK2005: "public: class std::basic_ostream<char,struct std::char_traits<char> > & __thiscall std::basic_ostream<char,struct std::char_traits<char> >::operator<<(int)" (??6?$basic_ostream@DU?$char_traits@D@std@@@std@@QAEAAV01@H@Z) already defined in msvcprt.lib(MSVCP100.dll)
     1>OsirisLib.lib(DataSignal.obj) : error LNK2005: "public: class std::basic_ostream<char,struct std::char_traits<char> > & __thiscall std::basic_ostream<char,struct std::char_traits<char> >::operator<<(int)" (??6?$basic_ostream@DU?$char_traits@D@std@@@std@@QAEAAV01@H@Z) already defined in msvcprt.lib(MSVCP100.dll)
     1>OsirisLib.lib(STRLCAnalysis.obj) : error LNK2005: "public: class std::basic_ostream<char,struct std::char_traits<char> > & __thiscall std::basic_ostream<char,struct std::char_traits<char> >::operator<<(int)" (??6?$basic_ostream@DU?$char_traits@D@std@@@std@@QAEAAV01@H@Z) already defined in msvcprt.lib(MSVCP100.dll)
     1>OsirisLib.lib(STRLCAnalysisSM.obj) : error LNK2005: "public: class std::basic_ostream<char,struct std::char_traits<char> > & __thiscall std::basic_ostream<char,struct std::char_traits<char> >::operator<<(int)" (??6?$basic_ostream@DU?$char_traits@D@std@@@std@@QAEAAV01@H@Z) already defined in msvcprt.lib(MSVCP100.dll)
     1>OsirisLib.lib(Notice.obj) : error LNK2005: "public: class std::basic_ostream<char,struct std::char_traits<char> > & __thiscall std::basic_ostream<char,struct std::char_traits<char> >::operator<<(int)" (??6?$basic_ostream@DU?$char_traits@D@std@@@std@@QAEAAV01@H@Z) already defined in msvcprt.lib(MSVCP100.dll)
     1>OsirisLib.lib(CoreBioComponent.obj) : error LNK2005: "public: class std::basic_ostream<char,struct std::char_traits<char> > & __thiscall std::basic_ostream<char,struct std::char_traits<char> >::operator<<(int)" (??6?$basic_ostream@DU?$char_traits@D@std@@@std@@QAEAAV01@H@Z) already defined in msvcprt.lib(MSVCP100.dll)
     1>OsirisLib.lib(STRChannelData.obj) : error LNK2005: "public: class std::basic_ostream<char,struct std::char_traits<char> > & __thiscall std::basic_ostream<char,struct std::char_traits<char> >::operator<<(int)" (??6?$basic_ostream@DU?$char_traits@D@std@@@std@@QAEAAV01@H@Z) already defined in msvcprt.lib(MSVCP100.dll)
     1>OsirisLib.lib(STRCoreBioComponent.obj) : error LNK2005: "public: class std::basic_ostream<char,struct std::char_traits<char> > & __thiscall std::basic_ostream<char,struct std::char_traits<char> >::operator<<(int)" (??6?$basic_ostream@DU?$char_traits@D@std@@@std@@QAEAAV01@H@Z) already defined in msvcprt.lib(MSVCP100.dll)
     1>OsirisLib.lib(ChannelData.obj) : error LNK2005: "public: class std::basic_ostream<char,struct std::char_traits<char> > & __thiscall std::basic_ostream<char,struct std::char_traits<char> >::operator<<(int)" (??6?$basic_ostream@DU?$char_traits@D@std@@@std@@QAEAAV01@H@Z) already defined in msvcprt.lib(MSVCP100.dll)
     1>OsirisLib.lib(STRSmartMessage.obj) : error LNK2005: "public: class std::basic_ostream<char,struct std::char_traits<char> > & __thiscall std::basic_ostream<char,struct std::char_traits<char> >::operator<<(int)" (??6?$basic_ostream@DU?$char_traits@D@std@@@std@@QAEAAV01@H@Z) already defined in msvcprt.lib(MSVCP100.dll)
     1>OsirisLib.lib(RecursiveInnerProduct.obj) : error LNK2005: "public: class std::basic_ostream<char,struct std::char_traits<char> > & __thiscall std::basic_ostream<char,struct std::char_traits<char> >::operator<<(int)" (??6?$basic_ostream@DU?$char_traits@D@std@@@std@@QAEAAV01@H@Z) already defined in msvcprt.lib(MSVCP100.dll)
     1>OsirisLib.lib(STRChannelDataSM.obj) : error LNK2005: "public: class std::basic_ostream<char,struct std::char_traits<char> > & __thiscall std::basic_ostream<char,struct std::char_traits<char> >::operator<<(int)" (??6?$basic_ostream@DU?$char_traits@D@std@@@std@@QAEAAV01@H@Z) already defined in msvcprt.lib(MSVCP100.dll)
     1>OsirisLib.lib(STRCoreBioComponentSM.obj) : error LNK2005: "public: class std::basic_ostream<char,struct std::char_traits<char> > & __thiscall std::basic_ostream<char,struct std::char_traits<char> >::operator<<(int)" (??6?$basic_ostream@DU?$char_traits@D@std@@@std@@QAEAAV01@H@Z) already defined in msvcprt.lib(MSVCP100.dll)
     1>OsirisLib.lib(ExpressionParser.obj) : error LNK2005: "public: class std::basic_ostream<char,struct std::char_traits<char> > & __thiscall std::basic_ostream<char,struct std::char_traits<char> >::operator<<(int)" (??6?$basic_ostream@DU?$char_traits@D@std@@@std@@QAEAAV01@H@Z) already defined in msvcprt.lib(MSVCP100.dll)
     1>OsirisLib.lib(Expression.obj) : error LNK2005: "public: class std::basic_ostream<char,struct std::char_traits<char> > & __thiscall std::basic_ostream<char,struct std::char_traits<char> >::operator<<(int)" (??6?$basic_ostream@DU?$char_traits@D@std@@@std@@QAEAAV01@H@Z) already defined in msvcprt.lib(MSVCP100.dll)
     1>LIBCMT.lib(xtoa.obj) : error LNK2005: __ltoa already defined in MSVCRT.lib(MSVCR100.dll)
     1>LIBCMT.lib(xtoa.obj) : error LNK2005: __ultoa already defined in MSVCRT.lib(MSVCR100.dll)
     1>msvcprt.lib(MSVCP100.dll) : error LNK2005: "public: class std::basic_ostream<char,struct std::char_traits<char> > & __thiscall std::basic_ostream<char,struct std::char_traits<char> >::operator<<(double)" (??6?$basic_ostream@DU?$char_traits@D@std@@@std@@QAEAAV01@N@Z) already defined in OsirisLib.lib(STRLCAnalysis.obj)
     1>MSVCRT.lib(MSVCR100.dll) : error LNK2005: __errno already defined in LIBCMT.lib(dosmap.obj)
     1>MSVCRT.lib(MSVCR100.dll) : error LNK2005: __strdup already defined in LIBCMT.lib(strdup.obj)
     1>MSVCRT.lib(MSVCR100.dll) : error LNK2005: "public: __thiscall std::exception::exception(void)" (??0exception@std@@QAE@XZ) already defined in LIBCMT.lib(stdexcpt.obj)
     1>LINK : warning LNK4098: defaultlib 'MSVCRT' conflicts with use of other libs; use /NODEFAULTLIB:library
     1>Release\GenerateSmartNotices.exe : fatal error LNK1169: one or more multiply defined symbols found
     1>Done Building Project "C:\Users\goorrob\Documents\GitHub\osiris\GenerateSmartNotices\GenerateSmartNotices.vcxproj" (rebuild target(s)) -- FAILED.

Build FAILED.

Time Elapsed 00:00:00.77
