Build started 3/5/2015 4:20:47 PM.
     1>Project "C:\Users\goorrob\Documents\GitHub\osiris\BuildStandardControlFile\BuildStandardControlFile.vcxproj" on node 2 (rebuild target(s)).
     1>_PrepareForClean:
         Deleting file "Debug\BuildStandardControlFile.lastbuildstate".
       InitializeBuildStatus:
         Creating "Debug\BuildStandardControlFile.unsuccessfulbuild" because "AlwaysCreate" was specified.
       ClCompile:
         c:\Program Files (x86)\Microsoft Visual Studio 10.0\VC\bin\CL.exe /c /IC:\Users\goorrob\Documents\GitHub\osiris\BaseClassLib /IC:\Users\goorrob\Documents\GitHub\osiris\OsirisLib2.01 /ZI /nologo /W3 /WX- /Od /Oy- /D WIN32 /D _DEBUG /D _CONSOLE /D _WINDOWS /D _CRT_SECURE_NO_WARNINGSOLE /D _MBCS /Gm /EHsc /RTC1 /MTd /GS /fp:precise /Zc:wchar_t /Zc:forScope /Fo"Debug\\" /Fd"Debug\vc100.pdb" /Gd /TP /analyze- /errorReport:prompt BuildStdCtlFile.cpp LocusData.cpp
         LocusData.cpp
         BuildStdCtlFile.cpp
         Generating Code...
       Link:
         c:\Program Files (x86)\Microsoft Visual Studio 10.0\VC\bin\link.exe /ERRORREPORT:PROMPT /OUT:"C:\Users\goorrob\Documents\GitHub\osiris\Debug\BuildStandardControlFile.exe" /INCREMENTAL:NO /NOLOGO /LIBPATH:C:\Users\goorrob\Documents\GitHub\osiris\BaseClassLib\Tools\Debug /LIBPATH:C:\Users\goorrob\Documents\GitHub\osiris\OsirisLib2.01\Debug OsirisLib.lib Tools.lib kernel32.lib user32.lib gdi32.lib winspool.lib comdlg32.lib advapi32.lib shell32.lib ole32.lib oleaut32.lib uuid.lib odbc32.lib odbccp32.lib /MANIFEST /ManifestFile:"Debug\BuildStandardControlFile.exe.intermediate.manifest" /MANIFESTUAC:"level='asInvoker' uiAccess='false'" /DEBUG /PDB:"C:\Users\goorrob\Documents\GitHub\osiris\Debug\BuildStandardControlFile.pdb" /SUBSYSTEM:CONSOLE /TLBID:1 /DYNAMICBASE:NO /NXCOMPAT /IMPLIB:"C:\Users\goorrob\Documents\GitHub\osiris\Debug\BuildStandardControlFile.lib" /MACHINE:X86 Debug\BuildStdCtlFile.obj
         Debug\LocusData.obj
     1>BuildStdCtlFile.obj : warning LNK4075: ignoring '/EDITANDCONTINUE' due to '/INCREMENTAL:NO' specification
         BuildStandardControlFile.vcxproj -> C:\Users\goorrob\Documents\GitHub\osiris\Debug\BuildStandardControlFile.exe
       Manifest:
         c:\Program Files (x86)\Microsoft SDKs\Windows\v7.0A\bin\mt.exe /nologo /verbose /outputresource:"C:\Users\goorrob\Documents\GitHub\osiris\Debug\BuildStandardControlFile.exe;#1" /manifest Debug\BuildStandardControlFile.exe.intermediate.manifest
       FinalizeBuildStatus:
         Deleting file "Debug\BuildStandardControlFile.unsuccessfulbuild".
         Touching "Debug\BuildStandardControlFile.lastbuildstate".
     1>Done Building Project "C:\Users\goorrob\Documents\GitHub\osiris\BuildStandardControlFile\BuildStandardControlFile.vcxproj" (rebuild target(s)).

Build succeeded.

Time Elapsed 00:00:02.20
