C:\USERS\GOORROB\DOCUMENTS\GITHUB\OSIRIS\BUILDSTANDARDCONTROLFILE\DEBUG\BUILDSTANDARDCONTROLFILE.EXE.EMBED.MANIFEST
C:\USERS\GOORROB\DOCUMENTS\GITHUB\OSIRIS\BUILDSTANDARDCONTROLFILE\DEBUG\BUILDSTANDARDCONTROLFILE.EXE.EMBED.MANIFEST.RES
C:\USERS\GOORROB\DOCUMENTS\GITHUB\OSIRIS\BUILDSTANDARDCONTROLFILE\DEBUG\BUILDSTANDARDCONTROLFILE.EXE.INTERMEDIATE.MANIFEST
C:\Users\goorrob\Documents\GitHub\osiris\BuildStandardControlFile\Debug\BuildStandardControlFile.vcxprojResolveAssemblyReference.cache
C:\Users\goorrob\Documents\GitHub\osiris\BuildStandardControlFile\Debug\BuildStandardControlFile.write.1.tlog
C:\Users\goorrob\Documents\GitHub\osiris\BuildStandardControlFile\Debug\BuildStandardControlFile_manifest.rc
C:\USERS\GOORROB\DOCUMENTS\GITHUB\OSIRIS\BUILDSTANDARDCONTROLFILE\DEBUG\BUILDSTDCTLFILE.OBJ
C:\Users\goorrob\Documents\GitHub\osiris\BuildStandardControlFile\Debug\cl.command.1.tlog
C:\Users\goorrob\Documents\GitHub\osiris\BuildStandardControlFile\Debug\CL.read.1.tlog
C:\Users\goorrob\Documents\GitHub\osiris\BuildStandardControlFile\Debug\CL.write.1.tlog
C:\Users\goorrob\Documents\GitHub\osiris\BuildStandardControlFile\Debug\link.1432.read.1.tlog
C:\Users\goorrob\Documents\GitHub\osiris\BuildStandardControlFile\Debug\link.1432.write.1.tlog
C:\Users\goorrob\Documents\GitHub\osiris\BuildStandardControlFile\Debug\link.1432-cvtres.read.1.tlog
C:\Users\goorrob\Documents\GitHub\osiris\BuildStandardControlFile\Debug\link.1432-cvtres.write.1.tlog
C:\Users\goorrob\Documents\GitHub\osiris\BuildStandardControlFile\Debug\link.3472.read.1.tlog
C:\Users\goorrob\Documents\GitHub\osiris\BuildStandardControlFile\Debug\link.3472.write.1.tlog
C:\Users\goorrob\Documents\GitHub\osiris\BuildStandardControlFile\Debug\link.3472-cvtres.read.1.tlog
C:\Users\goorrob\Documents\GitHub\osiris\BuildStandardControlFile\Debug\link.3472-cvtres.write.1.tlog
C:\Users\goorrob\Documents\GitHub\osiris\BuildStandardControlFile\Debug\link.4656.read.1.tlog
C:\Users\goorrob\Documents\GitHub\osiris\BuildStandardControlFile\Debug\link.4656.write.1.tlog
C:\Users\goorrob\Documents\GitHub\osiris\BuildStandardControlFile\Debug\link.4656-cvtres.read.1.tlog
C:\Users\goorrob\Documents\GitHub\osiris\BuildStandardControlFile\Debug\link.4656-cvtres.write.1.tlog
C:\Users\goorrob\Documents\GitHub\osiris\BuildStandardControlFile\Debug\link.4964.read.1.tlog
C:\Users\goorrob\Documents\GitHub\osiris\BuildStandardControlFile\Debug\link.4964.write.1.tlog
C:\Users\goorrob\Documents\GitHub\osiris\BuildStandardControlFile\Debug\link.4964-cvtres.read.1.tlog
C:\Users\goorrob\Documents\GitHub\osiris\BuildStandardControlFile\Debug\link.4964-cvtres.write.1.tlog
C:\Users\goorrob\Documents\GitHub\osiris\BuildStandardControlFile\Debug\link.6152.read.1.tlog
C:\Users\goorrob\Documents\GitHub\osiris\BuildStandardControlFile\Debug\link.6152.write.1.tlog
C:\Users\goorrob\Documents\GitHub\osiris\BuildStandardControlFile\Debug\link.6152-cvtres.read.1.tlog
C:\Users\goorrob\Documents\GitHub\osiris\BuildStandardControlFile\Debug\link.6152-cvtres.write.1.tlog
C:\Users\goorrob\Documents\GitHub\osiris\BuildStandardControlFile\Debug\link.7028.read.1.tlog
C:\Users\goorrob\Documents\GitHub\osiris\BuildStandardControlFile\Debug\link.7028.write.1.tlog
C:\Users\goorrob\Documents\GitHub\osiris\BuildStandardControlFile\Debug\link.7028-cvtres.read.1.tlog
C:\Users\goorrob\Documents\GitHub\osiris\BuildStandardControlFile\Debug\link.7028-cvtres.write.1.tlog
C:\Users\goorrob\Documents\GitHub\osiris\BuildStandardControlFile\Debug\link.command.1.tlog
C:\Users\goorrob\Documents\GitHub\osiris\BuildStandardControlFile\Debug\link.read.1.tlog
C:\Users\goorrob\Documents\GitHub\osiris\BuildStandardControlFile\Debug\link.write.1.tlog
C:\Users\goorrob\Documents\GitHub\osiris\BuildStandardControlFile\Debug\link-cvtres.read.1.tlog
C:\Users\goorrob\Documents\GitHub\osiris\BuildStandardControlFile\Debug\link-cvtres.write.1.tlog
C:\USERS\GOORROB\DOCUMENTS\GITHUB\OSIRIS\BUILDSTANDARDCONTROLFILE\DEBUG\LOCUSDATA.OBJ
C:\Users\goorrob\Documents\GitHub\osiris\BuildStandardControlFile\Debug\mt.command.1.tlog
C:\Users\goorrob\Documents\GitHub\osiris\BuildStandardControlFile\Debug\mt.read.1.tlog
C:\Users\goorrob\Documents\GitHub\osiris\BuildStandardControlFile\Debug\mt.write.1.tlog
C:\Users\goorrob\Documents\GitHub\osiris\BuildStandardControlFile\Debug\rc.command.1.tlog
C:\Users\goorrob\Documents\GitHub\osiris\BuildStandardControlFile\Debug\rc.read.1.tlog
C:\Users\goorrob\Documents\GitHub\osiris\BuildStandardControlFile\Debug\rc.write.1.tlog
C:\Users\goorrob\Documents\GitHub\osiris\BuildStandardControlFile\Debug\vc100.idb
C:\USERS\GOORROB\DOCUMENTS\GITHUB\OSIRIS\BUILDSTANDARDCONTROLFILE\DEBUG\VC100.PDB
C:\USERS\GOORROB\DOCUMENTS\GITHUB\OSIRIS\DEBUG\BUILDSTANDARDCONTROLFILE.EXE
C:\USERS\GOORROB\DOCUMENTS\GITHUB\OSIRIS\DEBUG\BUILDSTANDARDCONTROLFILE.PDB
